{
 "cells": [
  {
   "cell_type": "markdown",
   "metadata": {},
   "source": [
    "# Разработка SQL запроса\n",
    "\n",
    "В базе данных PG (Postgre) cуществуют 2 таблицы:\n",
    "\n",
    "1. Таблица \"opers\", с операциями по обработке нарушений. В ней хранится информация по всем операциям обработки нарушений.\n",
    "\n",
    "Column|Type|Description\n",
    ":---|:---|:---\n",
    "viol_oper_id|bigint (PK)| Идентификатор операции обработки нарушения ПДД\n",
    "tr_viol_id|bigint | Идентификатор нарушения ПДД\n",
    "oper_code|integer| Тип операции обработки нарушения ПДД\n",
    "refuse_code|integer| Результирующий код операции обработки нарушения ПДД\n",
    "isp_id|bigint | Идентификатор того, кто произвел обработку нарушения ПДД\n",
    "date_oper|timestamp(0) without time zone | Дата и время операции обработки нарушения ПДД\n",
    "viol_datetime|timestamp(0) without time zone | Дата и время нарушения ПДД\n",
    "\n",
    "2. Таблица \"viols\", с нарушениями правил дорожного движения транспортными средствами.\n",
    "\n",
    "Column|Type|Description\n",
    ":---|:---|:---\n",
    "tr_viol_id|bigint (PK)|Идентификатор нарушения\n",
    "viol_code|integer|Код нарушения ПДД\n",
    "time_check|timestamp(0) without time zone|Дата и время нарушения ПДД\n",
    "stage_code|integer|Этап обработки нарушения ПДД\n",
    "refuse_code|integer|Результирующий код обработки нарушения ПДД\n",
    "camera_id|integer|Идентификатор камеры зафиксировавший нарушение ПДД\n",
    "\n",
    "\n",
    "Есть задача:\n",
    "Подготовить выгрузку, содержащую информацию, за период нарушения ПДД с 2018-04-01 по 2018-04-20 с детализацией до даты нарушения. Выгрузка должна содержать атрибуты:\n",
    "- Дата нарушения ПДД;\n",
    "- Число нарушений ПДД всего;\n",
    "- Число нарушений ПДД у которых результирующий код обработки нарушения ПДД равен 0;\n",
    "- Число нарушений ПДД по которым была операция обработки тип 29;\n",
    "- Число нарушений ПДД по которым не было операции обработки тип 29, а результирующий код обработки нарушения ПДД равен 0;\n",
    "\n",
    "\n",
    "Вам необходимо:\n",
    "1. Описать последовательность действий для выполнения задачи, постарайтесь развернуто ответить почему так и в такой последовательности.\n",
    "2. Для этой задачи подготовьте все варианты запросов, которые позволят произвести соответствующую выгрузку.\n",
    "3. Укажите лучший вариант запроса для данной задачи, дайте комментарий почему именно такой запрос."
   ]
  },
  {
   "cell_type": "markdown",
   "metadata": {},
   "source": [
    "# Решение\n",
    "\n",
    "1. Описать последовательность действий для выполнения задачи, постарайтесь развернуто ответить почему так и в такой последовательности.\n",
    "- см. ПРИЛОЖЕНИЕ\n",
    "2. Для этой задачи подготовьте все варианты запросов, которые позволят произвести соответствующую выгрузку.\n",
    "- **baseline** - по каждому требованию к выгрузке - отдельный запрос, которые объединяются по дате\n",
    "- **оптимизация 1** - уменьшить количество операций объединения/группировки\n",
    "- **оптимизация 2** - не использовать `join`, фильтровать по одному запросу, минимизировав обращения к вспомогательной таблице\n",
    "\n",
    "Сравнение времени выполнения запросов\n",
    "\n",
    "Value|Baseline|Оптимизация 1|Оптимизация 2|Оптимизация 2+\n",
    ":---|:---:|:---:|:---:|:---:\n",
    "Planning Time|0.526|0.209|0.167|0.192\n",
    "Execution Time|1.326|1.324|1.287|1.230\n",
    "Total|1.852|1.533|1.454|1.422\n",
    "\n",
    "\n",
    "3. Укажите лучший вариант запроса для данной задачи, дайте комментарий почему именно такой запрос.\n",
    "\n",
    "Вариант `Оптимизация 2+` с фильтрацией и однократным запросом к вспомогательной таблице показал лучший результат из рассмотренных:\n",
    "\n",
    "```\n",
    "SELECT DATE(time_check) AS date\n",
    "       ,COUNT(*) AS total\n",
    "       ,COUNT(*) FILTER(WHERE refuse_code = 0) AS rc0\n",
    "       ,COUNT(*) FILTER(WHERE tr_viol_id IN (\n",
    "            SELECT tr_viol_id\n",
    "              FROM opers \n",
    "             WHERE oper_code = 29\n",
    "                   AND DATE(viol_datetime) BETWEEN DATE('2018-04-01') AND DATE('2018-04-20'))) AS op29\n",
    "       ,COUNT(*) FILTER(WHERE refuse_code = 0 \n",
    "                              AND tr_viol_id NOT IN (\n",
    "            SELECT tr_viol_id\n",
    "              FROM opers \n",
    "             WHERE oper_code = 29 \n",
    "                   AND DATE(viol_datetime) BETWEEN DATE('2018-04-01') AND DATE('2018-04-20'))) AS no29rc0\n",
    "  FROM viols\n",
    " WHERE DATE(time_check) BETWEEN DATE('2018-04-01') AND DATE('2018-04-20')\n",
    " GROUP BY date\n",
    " ORDER BY date;\n",
    "```"
   ]
  },
  {
   "cell_type": "markdown",
   "metadata": {},
   "source": [
    "<!-- vscode-jupyter-toc --><a id='toc0_'></a>    \n",
    "- [Создание тестового окружения](#toc1_)    \n",
    "- [Синтетический пример для тестирования](#toc2_)    \n",
    "- [Решение в первом приближении (baseline)](#toc3_)    \n",
    "- [Оптимизация 1](#toc4_)    \n",
    "- [Оптимизация 2](#toc5_)    \n",
    "- [Генерация тестовых данных](#toc6_)    \n",
    "- [Проверим](#toc7_)    \n",
    "  - [Baseline](#toc7_1_)    \n",
    "  - [Оптимизация 1](#toc7_2_)    \n",
    "  - [Оптимизация 2](#toc7_3_)    \n",
    "\n",
    "<!-- vscode-jupyter-toc-config\n",
    "\tnumbering=false\n",
    "\tanchor=true\n",
    "\tflat=false\n",
    "\tminLevel=2\n",
    "\tmaxLevel=6\n",
    "\t/vscode-jupyter-toc-config -->\n",
    "<!-- THIS CELL WILL BE REPLACED ON TOC UPDATE. DO NOT WRITE YOUR TEXT IN THIS CELL -->"
   ]
  },
  {
   "cell_type": "markdown",
   "metadata": {},
   "source": [
    "## <a id='toc1_'></a>[Создание тестового окружения](#toc0_)\n",
    "\n",
    "- убедились, что ключевые зависимости установлены\n",
    "- запустили в `docker` стандартный образ `postgres`, пароль админа `dummypassword`, пробросили порт на хост"
   ]
  },
  {
   "cell_type": "code",
   "execution_count": 16,
   "metadata": {},
   "outputs": [],
   "source": [
    "# !pip install ipython-sql\n",
    "# !pip install psycopg2\n",
    "# !pip install pgspecial\n",
    "\n",
    "# !docker run --rm --name PG -p 5432:5432 -e POSTGRES_PASSWORD=dummypassword -d postgres\n",
    "# !docker stop PG"
   ]
  },
  {
   "cell_type": "markdown",
   "metadata": {},
   "source": [
    "- подключили питоновские расширения для работы с SQL в `Jupyter`"
   ]
  },
  {
   "cell_type": "code",
   "execution_count": 17,
   "metadata": {},
   "outputs": [],
   "source": [
    "%reload_ext sql\n",
    "%sql postgresql://postgres:dummypassword@localhost/postgres"
   ]
  },
  {
   "cell_type": "markdown",
   "metadata": {},
   "source": [
    "- все работает как надо"
   ]
  },
  {
   "cell_type": "code",
   "execution_count": 18,
   "metadata": {},
   "outputs": [
    {
     "name": "stdout",
     "output_type": "stream",
     "text": [
      " * postgresql://postgres:***@localhost/postgres\n",
      "1 rows affected.\n"
     ]
    },
    {
     "data": {
      "text/html": [
       "<table>\n",
       "    <tr>\n",
       "        <th>version</th>\n",
       "    </tr>\n",
       "    <tr>\n",
       "        <td>PostgreSQL 15.1 (Debian 15.1-1.pgdg110+1) on x86_64-pc-linux-gnu, compiled by gcc (Debian 10.2.1-6) 10.2.1 20210110, 64-bit</td>\n",
       "    </tr>\n",
       "</table>"
      ],
      "text/plain": [
       "[('PostgreSQL 15.1 (Debian 15.1-1.pgdg110+1) on x86_64-pc-linux-gnu, compiled by gcc (Debian 10.2.1-6) 10.2.1 20210110, 64-bit',)]"
      ]
     },
     "execution_count": 18,
     "metadata": {},
     "output_type": "execute_result"
    }
   ],
   "source": [
    "%%sql\n",
    "\n",
    "SELECT version();"
   ]
  },
  {
   "cell_type": "markdown",
   "metadata": {},
   "source": [
    "## <a id='toc2_'></a>[Синтетический пример для тестирования](#toc0_)"
   ]
  },
  {
   "cell_type": "code",
   "execution_count": 19,
   "metadata": {},
   "outputs": [
    {
     "name": "stdout",
     "output_type": "stream",
     "text": [
      " * postgresql://postgres:***@localhost/postgres\n",
      "Done.\n",
      "Done.\n",
      "Done.\n",
      "Done.\n",
      "2 rows affected.\n"
     ]
    },
    {
     "data": {
      "text/html": [
       "<table>\n",
       "    <tr>\n",
       "        <th>table_name</th>\n",
       "    </tr>\n",
       "    <tr>\n",
       "        <td>opers</td>\n",
       "    </tr>\n",
       "    <tr>\n",
       "        <td>viols</td>\n",
       "    </tr>\n",
       "</table>"
      ],
      "text/plain": [
       "[('opers',), ('viols',)]"
      ]
     },
     "execution_count": 19,
     "metadata": {},
     "output_type": "execute_result"
    }
   ],
   "source": [
    "%%sql\n",
    "\n",
    "DROP SCHEMA IF EXISTS public CASCADE;\n",
    "CREATE SCHEMA public;\n",
    "\n",
    "CREATE TABLE IF NOT EXISTS opers (\n",
    "    viol_oper_id      bigint PRIMARY KEY,    \n",
    "    tr_viol_id        bigint,\n",
    "    oper_code         integer,\n",
    "    refuse_code       integer,\n",
    "    isp_id            bigint,\n",
    "    date_oper         timestamp(0),\n",
    "    viol_datetime     timestamp(0)\n",
    ");\n",
    "\n",
    "CREATE TABLE IF NOT EXISTS viols (\n",
    "    tr_viol_id   bigint PRIMARY KEY,\n",
    "    viol_code    integer,\n",
    "    time_check   timestamp(0),\n",
    "    stage_code   integer,\n",
    "    refuse_code  integer,\n",
    "    camera_id    integer\n",
    ");\n",
    "\n",
    "SELECT table_name FROM information_schema.tables WHERE table_schema = 'public';"
   ]
  },
  {
   "cell_type": "code",
   "execution_count": 20,
   "metadata": {},
   "outputs": [
    {
     "name": "stdout",
     "output_type": "stream",
     "text": [
      " * postgresql://postgres:***@localhost/postgres\n",
      "20 rows affected.\n",
      "14 rows affected.\n"
     ]
    },
    {
     "data": {
      "text/plain": [
       "[]"
      ]
     },
     "execution_count": 20,
     "metadata": {},
     "output_type": "execute_result"
    }
   ],
   "source": [
    "%%sql\n",
    "-- viol_oper_id  tr_viol_id  oper_code  refuse_code  isp_id  date_oper  viol_datetime \n",
    "INSERT INTO opers VALUES\n",
    "    ( 1, 10,  1, 1, 1, '2018-03-12 05:05:06', '2018-03-12 04:05:06'),\n",
    "\n",
    "    ( 2, 11,  1, 1, 1, '2018-04-01 05:05:06', '2018-04-01 04:05:06'),\n",
    "    ( 3, 12,  1, 1, 1, '2018-04-02 13:05:06', '2018-04-02 12:05:06'),\n",
    "\n",
    "    ( 4, 13,  1, 0, 1, '2018-04-06 15:05:06', '2018-04-06 14:05:06'),\n",
    "    ( 5, 14,  1, 1, 1, '2018-04-06 05:05:06', '2018-04-06 04:05:06'),\n",
    "    ( 6, 14,  9, 1, 1, '2018-04-06 05:05:06', '2018-04-06 04:05:06'),\n",
    "    ( 7, 14,  9, 1, 1, '2018-04-06 05:05:06', '2018-04-06 04:05:06'),\n",
    "    ( 8, 14, 29, 1, 1, '2018-04-06 05:05:06', '2018-04-06 04:05:06'),\n",
    "\n",
    "    ( 9, 15,  1, 1, 1, '2018-04-07 05:05:06', '2018-04-07 04:05:06'),\n",
    "    (10, 20,  1, 1, 1, '2018-04-07 05:05:07', '2018-04-07 04:05:07'),\n",
    "\n",
    "    (11, 31,  1, 0, 1, '2018-04-12 05:05:08', '2018-04-12 04:05:08'),\n",
    "    (12, 31,  2, 0, 1, '2018-04-12 05:05:08', '2018-04-12 04:05:08'),\n",
    "    (13, 31,  3, 0, 1, '2018-04-12 05:05:08', '2018-04-12 04:05:08'),\n",
    "    (14, 32,  1, 0, 1, '2018-04-12 05:05:08', '2018-04-12 04:05:08'),\n",
    "    (15, 33,  1, 1, 1, '2018-04-12 05:05:08', '2018-04-12 04:05:08'),\n",
    "    (16, 34,  1, 1, 1, '2018-04-12 05:05:08', '2018-04-12 04:05:08'),\n",
    "    (17, 34, 29, 1, 1, '2018-04-12 05:05:08', '2018-04-12 04:05:08'),\n",
    "\n",
    "    (19, 36,  1, 1, 1, '2018-04-20 05:05:08', '2018-04-20 04:05:08'),\n",
    "    (20, 37,  1, 0, 1, '2018-04-20 05:05:08', '2018-04-20 04:05:08'),\n",
    "    \n",
    "    (21, 40,  1, 1, 1, '2018-06-01 05:05:09', '2018-06-01 04:05:09');\n",
    "\n",
    "-- tr_viol_id viol_code time_check stage_code refuse_code camera_id\n",
    "INSERT INTO viols VALUES\n",
    "    (10, 1024, '2018-03-12 04:05:06', 1024, 1, 1024),\n",
    "    \n",
    "    (11, 1024, '2018-04-01 04:05:06', 1024, 1, 1024),\n",
    "    (12, 1024, '2018-04-02 12:05:06', 1024, 1, 1024),\n",
    "    (13, 1024, '2018-04-06 14:05:06', 1024, 0, 1024),\n",
    "    (14, 1024, '2018-04-06 04:05:06', 1024, 0, 1024),   --29\n",
    "    (15, 1024, '2018-04-07 04:05:06', 1024, 1, 1024),\n",
    "    (20, 1024, '2018-04-07 04:05:07', 1024, 1, 1024),\n",
    "    (31, 1024, '2018-04-12 04:05:08', 1024, 0, 1024),\n",
    "    (32, 1024, '2018-04-12 04:05:08', 1024, 0, 1024),\n",
    "    (33, 1024, '2018-04-12 04:05:08', 1024, 1, 1024),\n",
    "    (34, 1024, '2018-04-12 04:05:08', 1024, 1, 1024),   --29\n",
    "    (36, 1024, '2018-04-20 04:05:08', 1024, 1, 1024),\n",
    "    (37, 1024, '2018-04-20 04:05:08', 1024, 0, 1024),\n",
    "\n",
    "    (40, 1024, '2018-06-01 04:05:09', 1024, 1, 1024);"
   ]
  },
  {
   "cell_type": "markdown",
   "metadata": {},
   "source": [
    "Должно получаться в сумме:\n",
    "- 12 нарушений, в т.ч.\n",
    "    - 5 с кодом `refuse_code` = 0\n",
    "    - 2 с событием `oper_code` = 29\n",
    "    - 4 с кодом `refuse_code` = 0, где не было события `oper_code` = 29"
   ]
  },
  {
   "cell_type": "markdown",
   "metadata": {},
   "source": [
    "## <a id='toc3_'></a>[Решение в первом приближении (baseline)](#toc0_)\n",
    "\n",
    "Подготовить выгрузку, содержащую информацию, за период нарушения ПДД с `2018-04-01` по `2018-04-20` с детализацией до даты нарушения. Выгрузка должна содержать атрибуты:\n",
    "- Дата нарушения ПДД;\n",
    "- Число нарушений ПДД всего;\n",
    "- Число нарушений ПДД у которых результирующий код обработки нарушения ПДД равен 0;\n",
    "- Число нарушений ПДД по которым была операция обработки тип 29;\n",
    "- Число нарушений ПДД по которым не было операции обработки тип 29, а результирующий код обработки нарушения ПДД равен 0;\n",
    "\n",
    "**Напишем 4 различных запроса к БД и объединим их LEFT JOIN к самому общему, заменив отсутствующие значения на 0.**\n",
    "\n",
    "По таблице `opers` проверяется только наличие/отсутствие на данном нарушении операций обработки, остальные признаки нарушения все должны браться из `viols`.\n",
    "\n",
    "Поэтому первые три запроса тривиальные. С последним сложнее:\n",
    "- присоединяем к `viols` `opers` слева по ключу `viols`\n",
    "- отбираем нарушения, у которых результирующий код обработки равен 0\n",
    "- группируем по нарушениям и оставляем те, у которых в группе не встечались `opers.oper_code` = 29\n",
    "    - учитываем случай нарушений, не имеющих никаких операций обработки\n",
    "- еще раз группируем, теперь по дате"
   ]
  },
  {
   "cell_type": "code",
   "execution_count": 21,
   "metadata": {},
   "outputs": [
    {
     "name": "stdout",
     "output_type": "stream",
     "text": [
      " * postgresql://postgres:***@localhost/postgres\n",
      "6 rows affected.\n"
     ]
    },
    {
     "data": {
      "text/html": [
       "<table>\n",
       "    <tr>\n",
       "        <th>date</th>\n",
       "        <th>total</th>\n",
       "        <th>rc0</th>\n",
       "        <th>op29</th>\n",
       "        <th>no29rc0</th>\n",
       "    </tr>\n",
       "    <tr>\n",
       "        <td>2018-04-01</td>\n",
       "        <td>1</td>\n",
       "        <td>0</td>\n",
       "        <td>0</td>\n",
       "        <td>0</td>\n",
       "    </tr>\n",
       "    <tr>\n",
       "        <td>2018-04-02</td>\n",
       "        <td>1</td>\n",
       "        <td>0</td>\n",
       "        <td>0</td>\n",
       "        <td>0</td>\n",
       "    </tr>\n",
       "    <tr>\n",
       "        <td>2018-04-06</td>\n",
       "        <td>2</td>\n",
       "        <td>2</td>\n",
       "        <td>1</td>\n",
       "        <td>1</td>\n",
       "    </tr>\n",
       "    <tr>\n",
       "        <td>2018-04-07</td>\n",
       "        <td>2</td>\n",
       "        <td>0</td>\n",
       "        <td>0</td>\n",
       "        <td>0</td>\n",
       "    </tr>\n",
       "    <tr>\n",
       "        <td>2018-04-12</td>\n",
       "        <td>4</td>\n",
       "        <td>2</td>\n",
       "        <td>1</td>\n",
       "        <td>2</td>\n",
       "    </tr>\n",
       "    <tr>\n",
       "        <td>2018-04-20</td>\n",
       "        <td>2</td>\n",
       "        <td>1</td>\n",
       "        <td>0</td>\n",
       "        <td>1</td>\n",
       "    </tr>\n",
       "</table>"
      ],
      "text/plain": [
       "[(datetime.date(2018, 4, 1), 1, 0, 0, 0),\n",
       " (datetime.date(2018, 4, 2), 1, 0, 0, 0),\n",
       " (datetime.date(2018, 4, 6), 2, 2, 1, 1),\n",
       " (datetime.date(2018, 4, 7), 2, 0, 0, 0),\n",
       " (datetime.date(2018, 4, 12), 4, 2, 1, 2),\n",
       " (datetime.date(2018, 4, 20), 2, 1, 0, 1)]"
      ]
     },
     "execution_count": 21,
     "metadata": {},
     "output_type": "execute_result"
    }
   ],
   "source": [
    "%%sql\n",
    "\n",
    "--EXPLAIN (BUFFERS, ANALYZE)\n",
    "WITH \n",
    "-- Число нарушений ПДД всего;\n",
    "total AS ( \n",
    "  SELECT DATE(time_check) AS date,\n",
    "         COUNT(tr_viol_id) AS tot\n",
    "    FROM viols\n",
    "   WHERE DATE(time_check) BETWEEN DATE('2018-04-01') AND DATE('2018-04-20')\n",
    "GROUP BY date),\n",
    "\n",
    "-- Число нарушений ПДД у которых результирующий код обработки нарушения ПДД равен 0;\n",
    "total_rc0 AS ( \n",
    "  SELECT DATE(time_check) AS date,\n",
    "         COUNT(tr_viol_id) AS rc0\n",
    "    FROM viols\n",
    "   WHERE DATE(time_check) BETWEEN DATE('2018-04-01') AND DATE('2018-04-20')\n",
    "         AND\n",
    "         refuse_code = 0\n",
    "GROUP BY date),\n",
    "\n",
    "-- Число нарушений ПДД по которым была операция обработки тип 29;\n",
    "total_op29 AS (\n",
    "  SELECT DATE(viol_datetime) AS date,\n",
    "         COUNT(DISTINCT tr_viol_id) AS op29\n",
    "    FROM opers\n",
    "   WHERE DATE(viol_datetime) BETWEEN DATE('2018-04-01') AND DATE('2018-04-20')\n",
    "         AND\n",
    "         oper_code = 29\n",
    "GROUP BY date),\n",
    "\n",
    "-- Число нарушений ПДД по которым не было операции обработки тип 29, а результирующий код обработки нарушения ПДД равен 0;\n",
    "total_no29rc0 AS (\n",
    "  SELECT DATE(query.time_check) AS date,\n",
    "         COUNT(query.tr_viol_id) AS no29rc0\n",
    "    FROM (     -- группировка обработки по нарушениями, отбор не имеющих обработки 29\n",
    "         SELECT viols.tr_viol_id, \n",
    "                viols.time_check\n",
    "           FROM viols\n",
    "                LEFT JOIN opers ON opers.tr_viol_id = viols.tr_viol_id\n",
    "          WHERE DATE(viols.time_check) BETWEEN DATE('2018-04-01') AND DATE('2018-04-20')\n",
    "                AND viols.refuse_code = 0\n",
    "          GROUP BY viols.tr_viol_id\n",
    "         HAVING COALESCE(29 != ALL(ARRAY_AGG( opers.oper_code )), TRUE)) AS query    -- на случай нарушений, не имеющих никаких операций обработки\n",
    "   GROUP BY date)\n",
    "\n",
    "SELECT total.date AS date, \n",
    "       tot AS total,                                             -- тут Null невозможен по смыслу\n",
    "       COALESCE(rc0, 0) AS rc0,                                  -- ISNULL в postgres нету...\n",
    "       COALESCE(op29, 0) AS op29,\n",
    "       COALESCE(no29rc0, 0) AS no29rc0\n",
    "  FROM total\n",
    "       LEFT JOIN total_rc0 ON total.date = total_rc0.date\n",
    "       LEFT JOIN total_op29 ON total.date = total_op29.date\n",
    "       LEFT JOIN total_no29rc0 ON total.date = total_no29rc0.date\n",
    " ORDER BY date;"
   ]
  },
  {
   "cell_type": "markdown",
   "metadata": {},
   "source": [
    "Считает корректно."
   ]
  },
  {
   "cell_type": "markdown",
   "metadata": {},
   "source": [
    "## <a id='toc4_'></a>[Оптимизация 1](#toc0_)\n",
    "\n",
    "Попробуем избавиться от лишних джойнов/группировок/сортировок."
   ]
  },
  {
   "cell_type": "code",
   "execution_count": 22,
   "metadata": {},
   "outputs": [
    {
     "name": "stdout",
     "output_type": "stream",
     "text": [
      " * postgresql://postgres:***@localhost/postgres\n",
      "6 rows affected.\n"
     ]
    },
    {
     "data": {
      "text/html": [
       "<table>\n",
       "    <tr>\n",
       "        <th>date</th>\n",
       "        <th>total</th>\n",
       "        <th>rc0</th>\n",
       "        <th>op29</th>\n",
       "        <th>no29rc0</th>\n",
       "    </tr>\n",
       "    <tr>\n",
       "        <td>2018-04-01</td>\n",
       "        <td>1</td>\n",
       "        <td>0</td>\n",
       "        <td>0</td>\n",
       "        <td>0</td>\n",
       "    </tr>\n",
       "    <tr>\n",
       "        <td>2018-04-02</td>\n",
       "        <td>1</td>\n",
       "        <td>0</td>\n",
       "        <td>0</td>\n",
       "        <td>0</td>\n",
       "    </tr>\n",
       "    <tr>\n",
       "        <td>2018-04-06</td>\n",
       "        <td>2</td>\n",
       "        <td>2</td>\n",
       "        <td>1</td>\n",
       "        <td>1</td>\n",
       "    </tr>\n",
       "    <tr>\n",
       "        <td>2018-04-07</td>\n",
       "        <td>2</td>\n",
       "        <td>0</td>\n",
       "        <td>0</td>\n",
       "        <td>0</td>\n",
       "    </tr>\n",
       "    <tr>\n",
       "        <td>2018-04-12</td>\n",
       "        <td>4</td>\n",
       "        <td>2</td>\n",
       "        <td>1</td>\n",
       "        <td>2</td>\n",
       "    </tr>\n",
       "    <tr>\n",
       "        <td>2018-04-20</td>\n",
       "        <td>2</td>\n",
       "        <td>1</td>\n",
       "        <td>0</td>\n",
       "        <td>1</td>\n",
       "    </tr>\n",
       "</table>"
      ],
      "text/plain": [
       "[(datetime.date(2018, 4, 1), 1, 0, 0, 0),\n",
       " (datetime.date(2018, 4, 2), 1, 0, 0, 0),\n",
       " (datetime.date(2018, 4, 6), 2, 2, 1, 1),\n",
       " (datetime.date(2018, 4, 7), 2, 0, 0, 0),\n",
       " (datetime.date(2018, 4, 12), 4, 2, 1, 2),\n",
       " (datetime.date(2018, 4, 20), 2, 1, 0, 1)]"
      ]
     },
     "execution_count": 22,
     "metadata": {},
     "output_type": "execute_result"
    }
   ],
   "source": [
    "%%sql\n",
    "\n",
    "--EXPLAIN (BUFFERS, ANALYZE)\n",
    "SELECT date\n",
    "       ,COUNT(*) AS total\n",
    "       ,COUNT(*) FILTER(WHERE rc = 0) AS rc0\n",
    "       ,COUNT(*) FILTER(WHERE op29 = TRUE) AS op29\n",
    "       ,COUNT(*) FILTER(WHERE rc = 0 AND op29 = FALSE) AS no29rc0\n",
    "  FROM\n",
    "       (SELECT viols.tr_viol_id AS tr_viol_id, \n",
    "               viols.refuse_code AS rc,\n",
    "               DATE(viols.time_check) AS date, \n",
    "               COALESCE(29 = ANY(ARRAY_AGG( opers.oper_code )), FALSE) AS op29  -- на случай нарушений, не имеющих никаких операций обработки\n",
    "          FROM viols\n",
    "               LEFT JOIN opers ON opers.tr_viol_id = viols.tr_viol_id\n",
    "         WHERE DATE(viols.time_check) BETWEEN DATE('2018-04-01') AND DATE('2018-04-20')\n",
    "         GROUP BY viols.tr_viol_id) AS query\n",
    " GROUP BY query.date\n",
    " ORDER BY query.date;"
   ]
  },
  {
   "cell_type": "markdown",
   "metadata": {},
   "source": [
    "Считает корректно.\n",
    "\n",
    "Преимущества:\n",
    "\n",
    "- более наглядный код запроса\n",
    "\n",
    "Недостатки:\n",
    "\n",
    "- в основе запроса лежит `join` почти полных таблиц, что скажется на производительности"
   ]
  },
  {
   "cell_type": "markdown",
   "metadata": {},
   "source": [
    "## <a id='toc5_'></a>[Оптимизация 2](#toc0_)\n",
    "\n",
    "Проверка отсутствия признака означает, что нужно просмотреть все данные. Сделаем такой просмотр отдельно."
   ]
  },
  {
   "cell_type": "code",
   "execution_count": 23,
   "metadata": {},
   "outputs": [
    {
     "name": "stdout",
     "output_type": "stream",
     "text": [
      " * postgresql://postgres:***@localhost/postgres\n",
      "6 rows affected.\n"
     ]
    },
    {
     "data": {
      "text/html": [
       "<table>\n",
       "    <tr>\n",
       "        <th>date</th>\n",
       "        <th>total</th>\n",
       "        <th>rc0</th>\n",
       "        <th>op29</th>\n",
       "        <th>no29rc0</th>\n",
       "    </tr>\n",
       "    <tr>\n",
       "        <td>2018-04-01</td>\n",
       "        <td>1</td>\n",
       "        <td>0</td>\n",
       "        <td>0</td>\n",
       "        <td>0</td>\n",
       "    </tr>\n",
       "    <tr>\n",
       "        <td>2018-04-02</td>\n",
       "        <td>1</td>\n",
       "        <td>0</td>\n",
       "        <td>0</td>\n",
       "        <td>0</td>\n",
       "    </tr>\n",
       "    <tr>\n",
       "        <td>2018-04-06</td>\n",
       "        <td>2</td>\n",
       "        <td>2</td>\n",
       "        <td>1</td>\n",
       "        <td>1</td>\n",
       "    </tr>\n",
       "    <tr>\n",
       "        <td>2018-04-07</td>\n",
       "        <td>2</td>\n",
       "        <td>0</td>\n",
       "        <td>0</td>\n",
       "        <td>0</td>\n",
       "    </tr>\n",
       "    <tr>\n",
       "        <td>2018-04-12</td>\n",
       "        <td>4</td>\n",
       "        <td>2</td>\n",
       "        <td>1</td>\n",
       "        <td>2</td>\n",
       "    </tr>\n",
       "    <tr>\n",
       "        <td>2018-04-20</td>\n",
       "        <td>2</td>\n",
       "        <td>1</td>\n",
       "        <td>0</td>\n",
       "        <td>1</td>\n",
       "    </tr>\n",
       "</table>"
      ],
      "text/plain": [
       "[(datetime.date(2018, 4, 1), 1, 0, 0, 0),\n",
       " (datetime.date(2018, 4, 2), 1, 0, 0, 0),\n",
       " (datetime.date(2018, 4, 6), 2, 2, 1, 1),\n",
       " (datetime.date(2018, 4, 7), 2, 0, 0, 0),\n",
       " (datetime.date(2018, 4, 12), 4, 2, 1, 2),\n",
       " (datetime.date(2018, 4, 20), 2, 1, 0, 1)]"
      ]
     },
     "execution_count": 23,
     "metadata": {},
     "output_type": "execute_result"
    }
   ],
   "source": [
    "%%sql\n",
    "\n",
    "--EXPLAIN (BUFFERS, ANALYZE)\n",
    "SELECT DATE(time_check) AS date\n",
    "       ,COUNT(*) AS total\n",
    "       ,COUNT(*) FILTER(WHERE refuse_code = 0) AS rc0\n",
    "       ,COUNT(*) FILTER(WHERE tr_viol_id IN (\n",
    "            SELECT tr_viol_id\n",
    "              FROM opers \n",
    "             WHERE oper_code = 29)) AS op29\n",
    "       ,COUNT(*) FILTER(WHERE refuse_code = 0 \n",
    "                              AND tr_viol_id NOT IN (\n",
    "            SELECT tr_viol_id\n",
    "              FROM opers \n",
    "             WHERE oper_code = 29)) AS no29rc0\n",
    "  FROM viols\n",
    " WHERE DATE(time_check) BETWEEN DATE('2018-04-01') AND DATE('2018-04-20')\n",
    " GROUP BY date\n",
    " ORDER BY date;"
   ]
  },
  {
   "cell_type": "markdown",
   "metadata": {},
   "source": [
    "Считает корректно."
   ]
  },
  {
   "cell_type": "markdown",
   "metadata": {},
   "source": [
    "## <a id='toc6_'></a>[Генерация тестовых данных](#toc0_)\n",
    "\n",
    "- 10000 нарушений\n",
    "- 50000 операций обработки"
   ]
  },
  {
   "cell_type": "code",
   "execution_count": 24,
   "metadata": {},
   "outputs": [
    {
     "name": "stdout",
     "output_type": "stream",
     "text": [
      " * postgresql://postgres:***@localhost/postgres\n",
      "Done.\n",
      "Done.\n",
      "Done.\n",
      "Done.\n",
      "10000 rows affected.\n",
      "10 rows affected.\n"
     ]
    },
    {
     "data": {
      "text/html": [
       "<table>\n",
       "    <tr>\n",
       "        <th>tr_viol_id</th>\n",
       "        <th>viol_code</th>\n",
       "        <th>time_check</th>\n",
       "        <th>stage_code</th>\n",
       "        <th>refuse_code</th>\n",
       "        <th>camera_id</th>\n",
       "    </tr>\n",
       "    <tr>\n",
       "        <td>1</td>\n",
       "        <td>7</td>\n",
       "        <td>2018-02-02 20:12:38</td>\n",
       "        <td>1</td>\n",
       "        <td>1</td>\n",
       "        <td>48888037</td>\n",
       "    </tr>\n",
       "    <tr>\n",
       "        <td>2</td>\n",
       "        <td>31</td>\n",
       "        <td>2018-02-24 02:03:59</td>\n",
       "        <td>10</td>\n",
       "        <td>0</td>\n",
       "        <td>54114089</td>\n",
       "    </tr>\n",
       "    <tr>\n",
       "        <td>3</td>\n",
       "        <td>77</td>\n",
       "        <td>2018-02-08 07:04:28</td>\n",
       "        <td>5</td>\n",
       "        <td>1</td>\n",
       "        <td>10181359</td>\n",
       "    </tr>\n",
       "    <tr>\n",
       "        <td>4</td>\n",
       "        <td>56</td>\n",
       "        <td>2018-02-10 08:52:07</td>\n",
       "        <td>0</td>\n",
       "        <td>4</td>\n",
       "        <td>97084165</td>\n",
       "    </tr>\n",
       "    <tr>\n",
       "        <td>5</td>\n",
       "        <td>32</td>\n",
       "        <td>2018-02-20 19:03:10</td>\n",
       "        <td>4</td>\n",
       "        <td>1</td>\n",
       "        <td>75159672</td>\n",
       "    </tr>\n",
       "    <tr>\n",
       "        <td>6</td>\n",
       "        <td>4</td>\n",
       "        <td>2018-01-31 21:40:48</td>\n",
       "        <td>9</td>\n",
       "        <td>2</td>\n",
       "        <td>38853397</td>\n",
       "    </tr>\n",
       "    <tr>\n",
       "        <td>7</td>\n",
       "        <td>72</td>\n",
       "        <td>2018-02-05 00:43:37</td>\n",
       "        <td>9</td>\n",
       "        <td>1</td>\n",
       "        <td>97293538</td>\n",
       "    </tr>\n",
       "    <tr>\n",
       "        <td>8</td>\n",
       "        <td>67</td>\n",
       "        <td>2018-01-31 17:32:57</td>\n",
       "        <td>7</td>\n",
       "        <td>1</td>\n",
       "        <td>12471610</td>\n",
       "    </tr>\n",
       "    <tr>\n",
       "        <td>9</td>\n",
       "        <td>47</td>\n",
       "        <td>2018-02-13 20:02:18</td>\n",
       "        <td>8</td>\n",
       "        <td>5</td>\n",
       "        <td>69911777</td>\n",
       "    </tr>\n",
       "    <tr>\n",
       "        <td>10</td>\n",
       "        <td>76</td>\n",
       "        <td>2018-02-22 13:38:57</td>\n",
       "        <td>6</td>\n",
       "        <td>1</td>\n",
       "        <td>48574563</td>\n",
       "    </tr>\n",
       "</table>"
      ],
      "text/plain": [
       "[(1, 7, datetime.datetime(2018, 2, 2, 20, 12, 38), 1, 1, 48888037),\n",
       " (2, 31, datetime.datetime(2018, 2, 24, 2, 3, 59), 10, 0, 54114089),\n",
       " (3, 77, datetime.datetime(2018, 2, 8, 7, 4, 28), 5, 1, 10181359),\n",
       " (4, 56, datetime.datetime(2018, 2, 10, 8, 52, 7), 0, 4, 97084165),\n",
       " (5, 32, datetime.datetime(2018, 2, 20, 19, 3, 10), 4, 1, 75159672),\n",
       " (6, 4, datetime.datetime(2018, 1, 31, 21, 40, 48), 9, 2, 38853397),\n",
       " (7, 72, datetime.datetime(2018, 2, 5, 0, 43, 37), 9, 1, 97293538),\n",
       " (8, 67, datetime.datetime(2018, 1, 31, 17, 32, 57), 7, 1, 12471610),\n",
       " (9, 47, datetime.datetime(2018, 2, 13, 20, 2, 18), 8, 5, 69911777),\n",
       " (10, 76, datetime.datetime(2018, 2, 22, 13, 38, 57), 6, 1, 48574563)]"
      ]
     },
     "execution_count": 24,
     "metadata": {},
     "output_type": "execute_result"
    }
   ],
   "source": [
    "%%sql\n",
    "DROP TABLE IF EXISTS viols;\n",
    "CREATE TABLE viols (\n",
    "    tr_viol_id   serial PRIMARY KEY,\n",
    "    viol_code    integer,\n",
    "    time_check   timestamp (0),\n",
    "    stage_code   integer,\n",
    "    refuse_code  integer,\n",
    "    camera_id    integer\n",
    ");\n",
    "\n",
    "SET SESSION my.vars.n = '10000';            -- количество нарушений в БД\n",
    "SET SESSION my.vars.op_per_n = '5';         -- в среднем операций на 1 нарушение\n",
    "\n",
    "INSERT INTO viols (tr_viol_id, viol_code, time_check, stage_code, refuse_code, camera_id)\n",
    "SELECT tr_viol_id, \n",
    "       (RANDOM() * 100)::int, \n",
    "       timestamp '2018-01-30 20:00:00' + RANDOM()*(timestamp '2018-04-25 18:00:00' - timestamp '2018-03-30 20:00:00'), \n",
    "       (RANDOM() * 10)::int, \n",
    "       (RANDOM() * 5)::int, \n",
    "       (RANDOM() * 10^8)::int\n",
    "FROM generate_series(1, current_setting('my.vars.n')::int) tr_viol_id;\n",
    "\n",
    "SELECT * FROM viols LIMIT 10;"
   ]
  },
  {
   "cell_type": "code",
   "execution_count": 25,
   "metadata": {},
   "outputs": [
    {
     "name": "stdout",
     "output_type": "stream",
     "text": [
      " * postgresql://postgres:***@localhost/postgres\n",
      "Done.\n",
      "Done.\n",
      "Done.\n",
      "Done.\n",
      "Done.\n",
      "Done.\n",
      "50000 rows affected.\n",
      "10 rows affected.\n"
     ]
    },
    {
     "data": {
      "text/html": [
       "<table>\n",
       "    <tr>\n",
       "        <th>viol_oper_id</th>\n",
       "        <th>tr_viol_id</th>\n",
       "        <th>oper_code</th>\n",
       "        <th>refuse_code</th>\n",
       "        <th>isp_id</th>\n",
       "        <th>date_oper</th>\n",
       "        <th>viol_datetime</th>\n",
       "    </tr>\n",
       "    <tr>\n",
       "        <td>1</td>\n",
       "        <td>3289</td>\n",
       "        <td>29</td>\n",
       "        <td>4</td>\n",
       "        <td>774</td>\n",
       "        <td>2018-02-13 04:23:44</td>\n",
       "        <td>2018-02-12 09:25:15</td>\n",
       "    </tr>\n",
       "    <tr>\n",
       "        <td>2</td>\n",
       "        <td>7589</td>\n",
       "        <td>28</td>\n",
       "        <td>3</td>\n",
       "        <td>146</td>\n",
       "        <td>2018-02-12 22:38:30</td>\n",
       "        <td>2018-02-12 07:08:40</td>\n",
       "    </tr>\n",
       "    <tr>\n",
       "        <td>3</td>\n",
       "        <td>1717</td>\n",
       "        <td>22</td>\n",
       "        <td>2</td>\n",
       "        <td>572</td>\n",
       "        <td>2018-02-22 17:54:02</td>\n",
       "        <td>2018-02-22 01:42:31</td>\n",
       "    </tr>\n",
       "    <tr>\n",
       "        <td>4</td>\n",
       "        <td>3271</td>\n",
       "        <td>25</td>\n",
       "        <td>2</td>\n",
       "        <td>554</td>\n",
       "        <td>2018-02-14 22:05:00</td>\n",
       "        <td>2018-02-14 15:09:29</td>\n",
       "    </tr>\n",
       "    <tr>\n",
       "        <td>5</td>\n",
       "        <td>5663</td>\n",
       "        <td>23</td>\n",
       "        <td>0</td>\n",
       "        <td>631</td>\n",
       "        <td>2018-02-05 13:52:30</td>\n",
       "        <td>2018-02-04 16:16:00</td>\n",
       "    </tr>\n",
       "    <tr>\n",
       "        <td>6</td>\n",
       "        <td>676</td>\n",
       "        <td>21</td>\n",
       "        <td>3</td>\n",
       "        <td>502</td>\n",
       "        <td>2018-02-22 19:17:21</td>\n",
       "        <td>2018-02-22 02:05:58</td>\n",
       "    </tr>\n",
       "    <tr>\n",
       "        <td>7</td>\n",
       "        <td>971</td>\n",
       "        <td>24</td>\n",
       "        <td>3</td>\n",
       "        <td>266</td>\n",
       "        <td>2018-02-22 22:36:31</td>\n",
       "        <td>2018-02-22 10:03:27</td>\n",
       "    </tr>\n",
       "    <tr>\n",
       "        <td>8</td>\n",
       "        <td>6797</td>\n",
       "        <td>29</td>\n",
       "        <td>4</td>\n",
       "        <td>436</td>\n",
       "        <td>2018-02-16 07:04:28</td>\n",
       "        <td>2018-02-16 03:23:36</td>\n",
       "    </tr>\n",
       "    <tr>\n",
       "        <td>9</td>\n",
       "        <td>3634</td>\n",
       "        <td>24</td>\n",
       "        <td>4</td>\n",
       "        <td>125</td>\n",
       "        <td>2018-02-12 19:39:57</td>\n",
       "        <td>2018-02-12 13:43:09</td>\n",
       "    </tr>\n",
       "    <tr>\n",
       "        <td>10</td>\n",
       "        <td>1565</td>\n",
       "        <td>22</td>\n",
       "        <td>1</td>\n",
       "        <td>36</td>\n",
       "        <td>2018-02-17 15:47:11</td>\n",
       "        <td>2018-02-17 08:53:58</td>\n",
       "    </tr>\n",
       "</table>"
      ],
      "text/plain": [
       "[(1, 3289, 29, 4, 774, datetime.datetime(2018, 2, 13, 4, 23, 44), datetime.datetime(2018, 2, 12, 9, 25, 15)),\n",
       " (2, 7589, 28, 3, 146, datetime.datetime(2018, 2, 12, 22, 38, 30), datetime.datetime(2018, 2, 12, 7, 8, 40)),\n",
       " (3, 1717, 22, 2, 572, datetime.datetime(2018, 2, 22, 17, 54, 2), datetime.datetime(2018, 2, 22, 1, 42, 31)),\n",
       " (4, 3271, 25, 2, 554, datetime.datetime(2018, 2, 14, 22, 5), datetime.datetime(2018, 2, 14, 15, 9, 29)),\n",
       " (5, 5663, 23, 0, 631, datetime.datetime(2018, 2, 5, 13, 52, 30), datetime.datetime(2018, 2, 4, 16, 16)),\n",
       " (6, 676, 21, 3, 502, datetime.datetime(2018, 2, 22, 19, 17, 21), datetime.datetime(2018, 2, 22, 2, 5, 58)),\n",
       " (7, 971, 24, 3, 266, datetime.datetime(2018, 2, 22, 22, 36, 31), datetime.datetime(2018, 2, 22, 10, 3, 27)),\n",
       " (8, 6797, 29, 4, 436, datetime.datetime(2018, 2, 16, 7, 4, 28), datetime.datetime(2018, 2, 16, 3, 23, 36)),\n",
       " (9, 3634, 24, 4, 125, datetime.datetime(2018, 2, 12, 19, 39, 57), datetime.datetime(2018, 2, 12, 13, 43, 9)),\n",
       " (10, 1565, 22, 1, 36, datetime.datetime(2018, 2, 17, 15, 47, 11), datetime.datetime(2018, 2, 17, 8, 53, 58))]"
      ]
     },
     "execution_count": 25,
     "metadata": {},
     "output_type": "execute_result"
    }
   ],
   "source": [
    "%%sql\n",
    "-- некэшируемый рандом, но ДОЛГО\n",
    "DROP FUNCTION IF EXISTS my_random;  \n",
    "CREATE OR REPLACE FUNCTION my_random(n integer)\n",
    "  RETURNS integer AS \n",
    "$func$ BEGIN RETURN FLOOR(RANDOM() * n)::integer; END; $func$ LANGUAGE plpgsql VOLATILE;\n",
    "\n",
    "DROP FUNCTION IF EXISTS random_sample;\n",
    "CREATE OR REPLACE FUNCTION random_sample(n integer)\n",
    "  RETURNS TABLE(\n",
    "    tr_viol_id        integer,\n",
    "    oper_code         integer,\n",
    "    refuse_code       integer,\n",
    "    isp_id            integer,\n",
    "    date_oper         timestamp (0),\n",
    "    viol_datetime     timestamp(0)\n",
    ") AS $func$\n",
    "BEGIN\n",
    "    FOR i IN 1..n LOOP\n",
    "        RETURN QUERY SELECT \n",
    "                viols.tr_viol_id AS tr_viol_id,\n",
    "                20 + my_random(10) AS oper_code, \n",
    "                viols.refuse_code AS refuse_code,\n",
    "                my_random(1000) AS isp_id, \n",
    "                viols.time_check + INTERVAL '1 second' * my_random(86400) AS date_oper,\n",
    "                viols.time_check AS viol_datetime\n",
    "            FROM viols ORDER BY RANDOM() LIMIT 1;\n",
    "    END LOOP;\n",
    "END; $func$ LANGUAGE plpgsql VOLATILE;\n",
    "\n",
    "DROP TABLE IF EXISTS opers;\n",
    "CREATE TABLE IF NOT EXISTS opers (\n",
    "    viol_oper_id      serial PRIMARY KEY,    \n",
    "    tr_viol_id        bigint,\n",
    "    oper_code         integer,\n",
    "    refuse_code       integer,\n",
    "    isp_id            bigint,\n",
    "    date_oper         timestamp (0),\n",
    "    viol_datetime     timestamp(0)\n",
    ");\n",
    "\n",
    "INSERT INTO opers (tr_viol_id, oper_code, refuse_code, isp_id, date_oper, viol_datetime)\n",
    "SELECT *\n",
    "FROM random_sample(current_setting('my.vars.n')::int * current_setting('my.vars.op_per_n')::int);\n",
    "\n",
    "SELECT * FROM opers LIMIT 10;"
   ]
  },
  {
   "cell_type": "markdown",
   "metadata": {},
   "source": [
    "## <a id='toc7_'></a>[Проверим](#toc0_)"
   ]
  },
  {
   "cell_type": "markdown",
   "metadata": {},
   "source": [
    "### <a id='toc7_1_'></a>[Baseline](#toc0_)"
   ]
  },
  {
   "cell_type": "code",
   "execution_count": 26,
   "metadata": {},
   "outputs": [
    {
     "name": "stdout",
     "output_type": "stream",
     "text": [
      " * postgresql://postgres:***@localhost/postgres\n",
      "52 rows affected.\n"
     ]
    },
    {
     "data": {
      "text/html": [
       "<table>\n",
       "    <tr>\n",
       "        <th>QUERY PLAN</th>\n",
       "    </tr>\n",
       "    <tr>\n",
       "        <td>Merge Left Join  (cost=3714.93..3716.88 rows=47 width=36) (actual time=1.206..1.210 rows=0 loops=1)</td>\n",
       "    </tr>\n",
       "    <tr>\n",
       "        <td>&nbsp;&nbsp;Merge Cond: ((date(viols.time_check)) = (date(query.time_check)))</td>\n",
       "    </tr>\n",
       "    <tr>\n",
       "        <td>&nbsp;&nbsp;Buffers: shared hit=74</td>\n",
       "    </tr>\n",
       "    <tr>\n",
       "        <td>&nbsp;&nbsp;-&gt;  Merge Left Join  (cost=2263.63..2265.42 rows=47 width=28) (actual time=1.205..1.207 rows=0 loops=1)</td>\n",
       "    </tr>\n",
       "    <tr>\n",
       "        <td>&nbsp;&nbsp;&nbsp;&nbsp;&nbsp;&nbsp;&nbsp;&nbsp;Merge Cond: ((date(viols.time_check)) = (date(opers.viol_datetime)))</td>\n",
       "    </tr>\n",
       "    <tr>\n",
       "        <td>&nbsp;&nbsp;&nbsp;&nbsp;&nbsp;&nbsp;&nbsp;&nbsp;Buffers: shared hit=74</td>\n",
       "    </tr>\n",
       "    <tr>\n",
       "        <td>&nbsp;&nbsp;&nbsp;&nbsp;&nbsp;&nbsp;&nbsp;&nbsp;-&gt;  Merge Left Join  (cost=605.73..607.35 rows=47 width=20) (actual time=1.205..1.206 rows=0 loops=1)</td>\n",
       "    </tr>\n",
       "    <tr>\n",
       "        <td>&nbsp;&nbsp;&nbsp;&nbsp;&nbsp;&nbsp;&nbsp;&nbsp;&nbsp;&nbsp;&nbsp;&nbsp;&nbsp;&nbsp;Merge Cond: ((date(viols.time_check)) = (date(viols_1.time_check)))</td>\n",
       "    </tr>\n",
       "    <tr>\n",
       "        <td>&nbsp;&nbsp;&nbsp;&nbsp;&nbsp;&nbsp;&nbsp;&nbsp;&nbsp;&nbsp;&nbsp;&nbsp;&nbsp;&nbsp;Buffers: shared hit=74</td>\n",
       "    </tr>\n",
       "    <tr>\n",
       "        <td>&nbsp;&nbsp;&nbsp;&nbsp;&nbsp;&nbsp;&nbsp;&nbsp;&nbsp;&nbsp;&nbsp;&nbsp;&nbsp;&nbsp;-&gt;  GroupAggregate  (cost=290.29..291.28 rows=47 width=12) (actual time=1.204..1.205 rows=0 loops=1)</td>\n",
       "    </tr>\n",
       "    <tr>\n",
       "        <td>&nbsp;&nbsp;&nbsp;&nbsp;&nbsp;&nbsp;&nbsp;&nbsp;&nbsp;&nbsp;&nbsp;&nbsp;&nbsp;&nbsp;&nbsp;&nbsp;&nbsp;&nbsp;&nbsp;&nbsp;Group Key: (date(viols.time_check))</td>\n",
       "    </tr>\n",
       "    <tr>\n",
       "        <td>&nbsp;&nbsp;&nbsp;&nbsp;&nbsp;&nbsp;&nbsp;&nbsp;&nbsp;&nbsp;&nbsp;&nbsp;&nbsp;&nbsp;&nbsp;&nbsp;&nbsp;&nbsp;&nbsp;&nbsp;Buffers: shared hit=74</td>\n",
       "    </tr>\n",
       "    <tr>\n",
       "        <td>&nbsp;&nbsp;&nbsp;&nbsp;&nbsp;&nbsp;&nbsp;&nbsp;&nbsp;&nbsp;&nbsp;&nbsp;&nbsp;&nbsp;&nbsp;&nbsp;&nbsp;&nbsp;&nbsp;&nbsp;-&gt;  Sort  (cost=290.29..290.42 rows=54 width=8) (actual time=1.202..1.203 rows=0 loops=1)</td>\n",
       "    </tr>\n",
       "    <tr>\n",
       "        <td>&nbsp;&nbsp;&nbsp;&nbsp;&nbsp;&nbsp;&nbsp;&nbsp;&nbsp;&nbsp;&nbsp;&nbsp;&nbsp;&nbsp;&nbsp;&nbsp;&nbsp;&nbsp;&nbsp;&nbsp;&nbsp;&nbsp;&nbsp;&nbsp;&nbsp;&nbsp;Sort Key: (date(viols.time_check))</td>\n",
       "    </tr>\n",
       "    <tr>\n",
       "        <td>&nbsp;&nbsp;&nbsp;&nbsp;&nbsp;&nbsp;&nbsp;&nbsp;&nbsp;&nbsp;&nbsp;&nbsp;&nbsp;&nbsp;&nbsp;&nbsp;&nbsp;&nbsp;&nbsp;&nbsp;&nbsp;&nbsp;&nbsp;&nbsp;&nbsp;&nbsp;Sort Method: quicksort  Memory: 25kB</td>\n",
       "    </tr>\n",
       "    <tr>\n",
       "        <td>&nbsp;&nbsp;&nbsp;&nbsp;&nbsp;&nbsp;&nbsp;&nbsp;&nbsp;&nbsp;&nbsp;&nbsp;&nbsp;&nbsp;&nbsp;&nbsp;&nbsp;&nbsp;&nbsp;&nbsp;&nbsp;&nbsp;&nbsp;&nbsp;&nbsp;&nbsp;Buffers: shared hit=74</td>\n",
       "    </tr>\n",
       "    <tr>\n",
       "        <td>&nbsp;&nbsp;&nbsp;&nbsp;&nbsp;&nbsp;&nbsp;&nbsp;&nbsp;&nbsp;&nbsp;&nbsp;&nbsp;&nbsp;&nbsp;&nbsp;&nbsp;&nbsp;&nbsp;&nbsp;&nbsp;&nbsp;&nbsp;&nbsp;&nbsp;&nbsp;-&gt;  Seq Scan on viols  (cost=0.00..288.74 rows=54 width=8) (actual time=1.197..1.198 rows=0 loops=1)</td>\n",
       "    </tr>\n",
       "    <tr>\n",
       "        <td>&nbsp;&nbsp;&nbsp;&nbsp;&nbsp;&nbsp;&nbsp;&nbsp;&nbsp;&nbsp;&nbsp;&nbsp;&nbsp;&nbsp;&nbsp;&nbsp;&nbsp;&nbsp;&nbsp;&nbsp;&nbsp;&nbsp;&nbsp;&nbsp;&nbsp;&nbsp;&nbsp;&nbsp;&nbsp;&nbsp;&nbsp;&nbsp;Filter: ((date(time_check) &gt;= &#x27;2018-04-01&#x27;::date) AND (date(time_check) &lt;= &#x27;2018-04-20&#x27;::date))</td>\n",
       "    </tr>\n",
       "    <tr>\n",
       "        <td>&nbsp;&nbsp;&nbsp;&nbsp;&nbsp;&nbsp;&nbsp;&nbsp;&nbsp;&nbsp;&nbsp;&nbsp;&nbsp;&nbsp;&nbsp;&nbsp;&nbsp;&nbsp;&nbsp;&nbsp;&nbsp;&nbsp;&nbsp;&nbsp;&nbsp;&nbsp;&nbsp;&nbsp;&nbsp;&nbsp;&nbsp;&nbsp;Rows Removed by Filter: 10000</td>\n",
       "    </tr>\n",
       "    <tr>\n",
       "        <td>&nbsp;&nbsp;&nbsp;&nbsp;&nbsp;&nbsp;&nbsp;&nbsp;&nbsp;&nbsp;&nbsp;&nbsp;&nbsp;&nbsp;&nbsp;&nbsp;&nbsp;&nbsp;&nbsp;&nbsp;&nbsp;&nbsp;&nbsp;&nbsp;&nbsp;&nbsp;&nbsp;&nbsp;&nbsp;&nbsp;&nbsp;&nbsp;Buffers: shared hit=74</td>\n",
       "    </tr>\n",
       "    <tr>\n",
       "        <td>&nbsp;&nbsp;&nbsp;&nbsp;&nbsp;&nbsp;&nbsp;&nbsp;&nbsp;&nbsp;&nbsp;&nbsp;&nbsp;&nbsp;-&gt;  GroupAggregate  (cost=315.44..315.46 rows=1 width=12) (never executed)</td>\n",
       "    </tr>\n",
       "    <tr>\n",
       "        <td>&nbsp;&nbsp;&nbsp;&nbsp;&nbsp;&nbsp;&nbsp;&nbsp;&nbsp;&nbsp;&nbsp;&nbsp;&nbsp;&nbsp;&nbsp;&nbsp;&nbsp;&nbsp;&nbsp;&nbsp;Group Key: (date(viols_1.time_check))</td>\n",
       "    </tr>\n",
       "    <tr>\n",
       "        <td>&nbsp;&nbsp;&nbsp;&nbsp;&nbsp;&nbsp;&nbsp;&nbsp;&nbsp;&nbsp;&nbsp;&nbsp;&nbsp;&nbsp;&nbsp;&nbsp;&nbsp;&nbsp;&nbsp;&nbsp;-&gt;  Sort  (cost=315.44..315.44 rows=1 width=8) (never executed)</td>\n",
       "    </tr>\n",
       "    <tr>\n",
       "        <td>&nbsp;&nbsp;&nbsp;&nbsp;&nbsp;&nbsp;&nbsp;&nbsp;&nbsp;&nbsp;&nbsp;&nbsp;&nbsp;&nbsp;&nbsp;&nbsp;&nbsp;&nbsp;&nbsp;&nbsp;&nbsp;&nbsp;&nbsp;&nbsp;&nbsp;&nbsp;Sort Key: (date(viols_1.time_check))</td>\n",
       "    </tr>\n",
       "    <tr>\n",
       "        <td>&nbsp;&nbsp;&nbsp;&nbsp;&nbsp;&nbsp;&nbsp;&nbsp;&nbsp;&nbsp;&nbsp;&nbsp;&nbsp;&nbsp;&nbsp;&nbsp;&nbsp;&nbsp;&nbsp;&nbsp;&nbsp;&nbsp;&nbsp;&nbsp;&nbsp;&nbsp;-&gt;  Seq Scan on viols viols_1  (cost=0.00..315.43 rows=1 width=8) (never executed)</td>\n",
       "    </tr>\n",
       "    <tr>\n",
       "        <td>&nbsp;&nbsp;&nbsp;&nbsp;&nbsp;&nbsp;&nbsp;&nbsp;&nbsp;&nbsp;&nbsp;&nbsp;&nbsp;&nbsp;&nbsp;&nbsp;&nbsp;&nbsp;&nbsp;&nbsp;&nbsp;&nbsp;&nbsp;&nbsp;&nbsp;&nbsp;&nbsp;&nbsp;&nbsp;&nbsp;&nbsp;&nbsp;Filter: ((refuse_code = 0) AND (date(time_check) &gt;= &#x27;2018-04-01&#x27;::date) AND (date(time_check) &lt;= &#x27;2018-04-20&#x27;::date))</td>\n",
       "    </tr>\n",
       "    <tr>\n",
       "        <td>&nbsp;&nbsp;&nbsp;&nbsp;&nbsp;&nbsp;&nbsp;&nbsp;-&gt;  GroupAggregate  (cost=1657.90..1657.93 rows=1 width=12) (never executed)</td>\n",
       "    </tr>\n",
       "    <tr>\n",
       "        <td>&nbsp;&nbsp;&nbsp;&nbsp;&nbsp;&nbsp;&nbsp;&nbsp;&nbsp;&nbsp;&nbsp;&nbsp;&nbsp;&nbsp;Group Key: (date(opers.viol_datetime))</td>\n",
       "    </tr>\n",
       "    <tr>\n",
       "        <td>&nbsp;&nbsp;&nbsp;&nbsp;&nbsp;&nbsp;&nbsp;&nbsp;&nbsp;&nbsp;&nbsp;&nbsp;&nbsp;&nbsp;-&gt;  Sort  (cost=1657.90..1657.91 rows=1 width=12) (never executed)</td>\n",
       "    </tr>\n",
       "    <tr>\n",
       "        <td>&nbsp;&nbsp;&nbsp;&nbsp;&nbsp;&nbsp;&nbsp;&nbsp;&nbsp;&nbsp;&nbsp;&nbsp;&nbsp;&nbsp;&nbsp;&nbsp;&nbsp;&nbsp;&nbsp;&nbsp;Sort Key: (date(opers.viol_datetime))</td>\n",
       "    </tr>\n",
       "    <tr>\n",
       "        <td>&nbsp;&nbsp;&nbsp;&nbsp;&nbsp;&nbsp;&nbsp;&nbsp;&nbsp;&nbsp;&nbsp;&nbsp;&nbsp;&nbsp;&nbsp;&nbsp;&nbsp;&nbsp;&nbsp;&nbsp;-&gt;  Seq Scan on opers  (cost=0.00..1657.89 rows=1 width=12) (never executed)</td>\n",
       "    </tr>\n",
       "    <tr>\n",
       "        <td>&nbsp;&nbsp;&nbsp;&nbsp;&nbsp;&nbsp;&nbsp;&nbsp;&nbsp;&nbsp;&nbsp;&nbsp;&nbsp;&nbsp;&nbsp;&nbsp;&nbsp;&nbsp;&nbsp;&nbsp;&nbsp;&nbsp;&nbsp;&nbsp;&nbsp;&nbsp;Filter: ((oper_code = 29) AND (date(viol_datetime) &gt;= &#x27;2018-04-01&#x27;::date) AND (date(viol_datetime) &lt;= &#x27;2018-04-20&#x27;::date))</td>\n",
       "    </tr>\n",
       "    <tr>\n",
       "        <td>&nbsp;&nbsp;-&gt;  GroupAggregate  (cost=1451.30..1451.32 rows=1 width=12) (never executed)</td>\n",
       "    </tr>\n",
       "    <tr>\n",
       "        <td>&nbsp;&nbsp;&nbsp;&nbsp;&nbsp;&nbsp;&nbsp;&nbsp;Group Key: (date(query.time_check))</td>\n",
       "    </tr>\n",
       "    <tr>\n",
       "        <td>&nbsp;&nbsp;&nbsp;&nbsp;&nbsp;&nbsp;&nbsp;&nbsp;-&gt;  Sort  (cost=1451.30..1451.30 rows=1 width=8) (never executed)</td>\n",
       "    </tr>\n",
       "    <tr>\n",
       "        <td>&nbsp;&nbsp;&nbsp;&nbsp;&nbsp;&nbsp;&nbsp;&nbsp;&nbsp;&nbsp;&nbsp;&nbsp;&nbsp;&nbsp;Sort Key: (date(query.time_check))</td>\n",
       "    </tr>\n",
       "    <tr>\n",
       "        <td>&nbsp;&nbsp;&nbsp;&nbsp;&nbsp;&nbsp;&nbsp;&nbsp;&nbsp;&nbsp;&nbsp;&nbsp;&nbsp;&nbsp;-&gt;  Subquery Scan on query  (cost=1451.21..1451.29 rows=1 width=8) (never executed)</td>\n",
       "    </tr>\n",
       "    <tr>\n",
       "        <td>&nbsp;&nbsp;&nbsp;&nbsp;&nbsp;&nbsp;&nbsp;&nbsp;&nbsp;&nbsp;&nbsp;&nbsp;&nbsp;&nbsp;&nbsp;&nbsp;&nbsp;&nbsp;&nbsp;&nbsp;-&gt;  GroupAggregate  (cost=1451.21..1451.27 rows=1 width=12) (never executed)</td>\n",
       "    </tr>\n",
       "    <tr>\n",
       "        <td>&nbsp;&nbsp;&nbsp;&nbsp;&nbsp;&nbsp;&nbsp;&nbsp;&nbsp;&nbsp;&nbsp;&nbsp;&nbsp;&nbsp;&nbsp;&nbsp;&nbsp;&nbsp;&nbsp;&nbsp;&nbsp;&nbsp;&nbsp;&nbsp;&nbsp;&nbsp;Group Key: viols_2.tr_viol_id</td>\n",
       "    </tr>\n",
       "    <tr>\n",
       "        <td>&nbsp;&nbsp;&nbsp;&nbsp;&nbsp;&nbsp;&nbsp;&nbsp;&nbsp;&nbsp;&nbsp;&nbsp;&nbsp;&nbsp;&nbsp;&nbsp;&nbsp;&nbsp;&nbsp;&nbsp;&nbsp;&nbsp;&nbsp;&nbsp;&nbsp;&nbsp;Filter: COALESCE((29 &lt;&gt; ALL (array_agg(opers_1.oper_code))), true)</td>\n",
       "    </tr>\n",
       "    <tr>\n",
       "        <td>&nbsp;&nbsp;&nbsp;&nbsp;&nbsp;&nbsp;&nbsp;&nbsp;&nbsp;&nbsp;&nbsp;&nbsp;&nbsp;&nbsp;&nbsp;&nbsp;&nbsp;&nbsp;&nbsp;&nbsp;&nbsp;&nbsp;&nbsp;&nbsp;&nbsp;&nbsp;-&gt;  Sort  (cost=1451.21..1451.22 rows=5 width=16) (never executed)</td>\n",
       "    </tr>\n",
       "    <tr>\n",
       "        <td>&nbsp;&nbsp;&nbsp;&nbsp;&nbsp;&nbsp;&nbsp;&nbsp;&nbsp;&nbsp;&nbsp;&nbsp;&nbsp;&nbsp;&nbsp;&nbsp;&nbsp;&nbsp;&nbsp;&nbsp;&nbsp;&nbsp;&nbsp;&nbsp;&nbsp;&nbsp;&nbsp;&nbsp;&nbsp;&nbsp;&nbsp;&nbsp;Sort Key: viols_2.tr_viol_id</td>\n",
       "    </tr>\n",
       "    <tr>\n",
       "        <td>&nbsp;&nbsp;&nbsp;&nbsp;&nbsp;&nbsp;&nbsp;&nbsp;&nbsp;&nbsp;&nbsp;&nbsp;&nbsp;&nbsp;&nbsp;&nbsp;&nbsp;&nbsp;&nbsp;&nbsp;&nbsp;&nbsp;&nbsp;&nbsp;&nbsp;&nbsp;&nbsp;&nbsp;&nbsp;&nbsp;&nbsp;&nbsp;-&gt;  Hash Right Join  (cost=315.44..1451.15 rows=5 width=16) (never executed)</td>\n",
       "    </tr>\n",
       "    <tr>\n",
       "        <td>&nbsp;&nbsp;&nbsp;&nbsp;&nbsp;&nbsp;&nbsp;&nbsp;&nbsp;&nbsp;&nbsp;&nbsp;&nbsp;&nbsp;&nbsp;&nbsp;&nbsp;&nbsp;&nbsp;&nbsp;&nbsp;&nbsp;&nbsp;&nbsp;&nbsp;&nbsp;&nbsp;&nbsp;&nbsp;&nbsp;&nbsp;&nbsp;&nbsp;&nbsp;&nbsp;&nbsp;&nbsp;&nbsp;Hash Cond: (opers_1.tr_viol_id = viols_2.tr_viol_id)</td>\n",
       "    </tr>\n",
       "    <tr>\n",
       "        <td>&nbsp;&nbsp;&nbsp;&nbsp;&nbsp;&nbsp;&nbsp;&nbsp;&nbsp;&nbsp;&nbsp;&nbsp;&nbsp;&nbsp;&nbsp;&nbsp;&nbsp;&nbsp;&nbsp;&nbsp;&nbsp;&nbsp;&nbsp;&nbsp;&nbsp;&nbsp;&nbsp;&nbsp;&nbsp;&nbsp;&nbsp;&nbsp;&nbsp;&nbsp;&nbsp;&nbsp;&nbsp;&nbsp;-&gt;  Seq Scan on opers opers_1  (cost=0.00..996.84 rows=52884 width=12) (never executed)</td>\n",
       "    </tr>\n",
       "    <tr>\n",
       "        <td>&nbsp;&nbsp;&nbsp;&nbsp;&nbsp;&nbsp;&nbsp;&nbsp;&nbsp;&nbsp;&nbsp;&nbsp;&nbsp;&nbsp;&nbsp;&nbsp;&nbsp;&nbsp;&nbsp;&nbsp;&nbsp;&nbsp;&nbsp;&nbsp;&nbsp;&nbsp;&nbsp;&nbsp;&nbsp;&nbsp;&nbsp;&nbsp;&nbsp;&nbsp;&nbsp;&nbsp;&nbsp;&nbsp;-&gt;  Hash  (cost=315.42..315.42 rows=1 width=12) (never executed)</td>\n",
       "    </tr>\n",
       "    <tr>\n",
       "        <td>&nbsp;&nbsp;&nbsp;&nbsp;&nbsp;&nbsp;&nbsp;&nbsp;&nbsp;&nbsp;&nbsp;&nbsp;&nbsp;&nbsp;&nbsp;&nbsp;&nbsp;&nbsp;&nbsp;&nbsp;&nbsp;&nbsp;&nbsp;&nbsp;&nbsp;&nbsp;&nbsp;&nbsp;&nbsp;&nbsp;&nbsp;&nbsp;&nbsp;&nbsp;&nbsp;&nbsp;&nbsp;&nbsp;&nbsp;&nbsp;&nbsp;&nbsp;&nbsp;&nbsp;-&gt;  Seq Scan on viols viols_2  (cost=0.00..315.42 rows=1 width=12) (never executed)</td>\n",
       "    </tr>\n",
       "    <tr>\n",
       "        <td>&nbsp;&nbsp;&nbsp;&nbsp;&nbsp;&nbsp;&nbsp;&nbsp;&nbsp;&nbsp;&nbsp;&nbsp;&nbsp;&nbsp;&nbsp;&nbsp;&nbsp;&nbsp;&nbsp;&nbsp;&nbsp;&nbsp;&nbsp;&nbsp;&nbsp;&nbsp;&nbsp;&nbsp;&nbsp;&nbsp;&nbsp;&nbsp;&nbsp;&nbsp;&nbsp;&nbsp;&nbsp;&nbsp;&nbsp;&nbsp;&nbsp;&nbsp;&nbsp;&nbsp;&nbsp;&nbsp;&nbsp;&nbsp;&nbsp;&nbsp;Filter: ((refuse_code = 0) AND (date(time_check) &gt;= &#x27;2018-04-01&#x27;::date) AND (date(time_check) &lt;= &#x27;2018-04-20&#x27;::date))</td>\n",
       "    </tr>\n",
       "    <tr>\n",
       "        <td>Planning:</td>\n",
       "    </tr>\n",
       "    <tr>\n",
       "        <td>&nbsp;&nbsp;Buffers: shared hit=21</td>\n",
       "    </tr>\n",
       "    <tr>\n",
       "        <td>Planning Time: 0.526 ms</td>\n",
       "    </tr>\n",
       "    <tr>\n",
       "        <td>Execution Time: 1.326 ms</td>\n",
       "    </tr>\n",
       "</table>"
      ],
      "text/plain": [
       "[('Merge Left Join  (cost=3714.93..3716.88 rows=47 width=36) (actual time=1.206..1.210 rows=0 loops=1)',),\n",
       " ('  Merge Cond: ((date(viols.time_check)) = (date(query.time_check)))',),\n",
       " ('  Buffers: shared hit=74',),\n",
       " ('  ->  Merge Left Join  (cost=2263.63..2265.42 rows=47 width=28) (actual time=1.205..1.207 rows=0 loops=1)',),\n",
       " ('        Merge Cond: ((date(viols.time_check)) = (date(opers.viol_datetime)))',),\n",
       " ('        Buffers: shared hit=74',),\n",
       " ('        ->  Merge Left Join  (cost=605.73..607.35 rows=47 width=20) (actual time=1.205..1.206 rows=0 loops=1)',),\n",
       " ('              Merge Cond: ((date(viols.time_check)) = (date(viols_1.time_check)))',),\n",
       " ('              Buffers: shared hit=74',),\n",
       " ('              ->  GroupAggregate  (cost=290.29..291.28 rows=47 width=12) (actual time=1.204..1.205 rows=0 loops=1)',),\n",
       " ('                    Group Key: (date(viols.time_check))',),\n",
       " ('                    Buffers: shared hit=74',),\n",
       " ('                    ->  Sort  (cost=290.29..290.42 rows=54 width=8) (actual time=1.202..1.203 rows=0 loops=1)',),\n",
       " ('                          Sort Key: (date(viols.time_check))',),\n",
       " ('                          Sort Method: quicksort  Memory: 25kB',),\n",
       " ('                          Buffers: shared hit=74',),\n",
       " ('                          ->  Seq Scan on viols  (cost=0.00..288.74 rows=54 width=8) (actual time=1.197..1.198 rows=0 loops=1)',),\n",
       " (\"                                Filter: ((date(time_check) >= '2018-04-01'::date) AND (date(time_check) <= '2018-04-20'::date))\",),\n",
       " ('                                Rows Removed by Filter: 10000',),\n",
       " ('                                Buffers: shared hit=74',),\n",
       " ('              ->  GroupAggregate  (cost=315.44..315.46 rows=1 width=12) (never executed)',),\n",
       " ('                    Group Key: (date(viols_1.time_check))',),\n",
       " ('                    ->  Sort  (cost=315.44..315.44 rows=1 width=8) (never executed)',),\n",
       " ('                          Sort Key: (date(viols_1.time_check))',),\n",
       " ('                          ->  Seq Scan on viols viols_1  (cost=0.00..315.43 rows=1 width=8) (never executed)',),\n",
       " (\"                                Filter: ((refuse_code = 0) AND (date(time_check) >= '2018-04-01'::date) AND (date(time_check) <= '2018-04-20'::date))\",),\n",
       " ('        ->  GroupAggregate  (cost=1657.90..1657.93 rows=1 width=12) (never executed)',),\n",
       " ('              Group Key: (date(opers.viol_datetime))',),\n",
       " ('              ->  Sort  (cost=1657.90..1657.91 rows=1 width=12) (never executed)',),\n",
       " ('                    Sort Key: (date(opers.viol_datetime))',),\n",
       " ('                    ->  Seq Scan on opers  (cost=0.00..1657.89 rows=1 width=12) (never executed)',),\n",
       " (\"                          Filter: ((oper_code = 29) AND (date(viol_datetime) >= '2018-04-01'::date) AND (date(viol_datetime) <= '2018-04-20'::date))\",),\n",
       " ('  ->  GroupAggregate  (cost=1451.30..1451.32 rows=1 width=12) (never executed)',),\n",
       " ('        Group Key: (date(query.time_check))',),\n",
       " ('        ->  Sort  (cost=1451.30..1451.30 rows=1 width=8) (never executed)',),\n",
       " ('              Sort Key: (date(query.time_check))',),\n",
       " ('              ->  Subquery Scan on query  (cost=1451.21..1451.29 rows=1 width=8) (never executed)',),\n",
       " ('                    ->  GroupAggregate  (cost=1451.21..1451.27 rows=1 width=12) (never executed)',),\n",
       " ('                          Group Key: viols_2.tr_viol_id',),\n",
       " ('                          Filter: COALESCE((29 <> ALL (array_agg(opers_1.oper_code))), true)',),\n",
       " ('                          ->  Sort  (cost=1451.21..1451.22 rows=5 width=16) (never executed)',),\n",
       " ('                                Sort Key: viols_2.tr_viol_id',),\n",
       " ('                                ->  Hash Right Join  (cost=315.44..1451.15 rows=5 width=16) (never executed)',),\n",
       " ('                                      Hash Cond: (opers_1.tr_viol_id = viols_2.tr_viol_id)',),\n",
       " ('                                      ->  Seq Scan on opers opers_1  (cost=0.00..996.84 rows=52884 width=12) (never executed)',),\n",
       " ('                                      ->  Hash  (cost=315.42..315.42 rows=1 width=12) (never executed)',),\n",
       " ('                                            ->  Seq Scan on viols viols_2  (cost=0.00..315.42 rows=1 width=12) (never executed)',),\n",
       " (\"                                                  Filter: ((refuse_code = 0) AND (date(time_check) >= '2018-04-01'::date) AND (date(time_check) <= '2018-04-20'::date))\",),\n",
       " ('Planning:',),\n",
       " ('  Buffers: shared hit=21',),\n",
       " ('Planning Time: 0.526 ms',),\n",
       " ('Execution Time: 1.326 ms',)]"
      ]
     },
     "execution_count": 26,
     "metadata": {},
     "output_type": "execute_result"
    }
   ],
   "source": [
    "%%sql\n",
    "\n",
    "EXPLAIN (BUFFERS, ANALYZE)\n",
    "WITH \n",
    "-- Число нарушений ПДД всего;\n",
    "total AS ( \n",
    "  SELECT DATE(time_check) AS date,\n",
    "         COUNT(tr_viol_id) AS tot\n",
    "    FROM viols\n",
    "   WHERE DATE(time_check) BETWEEN DATE('2018-04-01') AND DATE('2018-04-20')\n",
    "GROUP BY date),\n",
    "\n",
    "-- Число нарушений ПДД у которых результирующий код обработки нарушения ПДД равен 0;\n",
    "total_rc0 AS ( \n",
    "  SELECT DATE(time_check) AS date,\n",
    "         COUNT(tr_viol_id) AS rc0\n",
    "    FROM viols\n",
    "   WHERE DATE(time_check) BETWEEN DATE('2018-04-01') AND DATE('2018-04-20')\n",
    "         AND\n",
    "         refuse_code = 0\n",
    "GROUP BY date),\n",
    "\n",
    "-- Число нарушений ПДД по которым была операция обработки тип 29;\n",
    "total_op29 AS (\n",
    "  SELECT DATE(viol_datetime) AS date,\n",
    "         COUNT(DISTINCT tr_viol_id) AS op29\n",
    "    FROM opers\n",
    "   WHERE DATE(viol_datetime) BETWEEN DATE('2018-04-01') AND DATE('2018-04-20')\n",
    "         AND\n",
    "         oper_code = 29\n",
    "GROUP BY date),\n",
    "\n",
    "-- Число нарушений ПДД по которым не было операции обработки тип 29, а результирующий код обработки нарушения ПДД равен 0;\n",
    "total_no29rc0 AS (\n",
    "  SELECT DATE(query.time_check) AS date,\n",
    "         COUNT(query.tr_viol_id) AS no29rc0\n",
    "    FROM (     -- группировка обработки по нарушениями, отбор не имеющих обработки 29\n",
    "         SELECT viols.tr_viol_id, \n",
    "                viols.time_check\n",
    "           FROM viols\n",
    "                LEFT JOIN opers ON opers.tr_viol_id = viols.tr_viol_id\n",
    "          WHERE DATE(viols.time_check) BETWEEN DATE('2018-04-01') AND DATE('2018-04-20')\n",
    "                AND viols.refuse_code = 0\n",
    "          GROUP BY viols.tr_viol_id\n",
    "         HAVING COALESCE(29 != ALL(ARRAY_AGG( opers.oper_code )), TRUE)) AS query    -- на случай нарушений, не имеющих никаких операций обработки\n",
    "   GROUP BY date)\n",
    "\n",
    "SELECT total.date AS date, \n",
    "       tot AS total,                                             -- тут Null невозможен по смыслу\n",
    "       COALESCE(rc0, 0) AS rc0,                                  -- ISNULL в postgres нету...\n",
    "       COALESCE(op29, 0) AS op29,\n",
    "       COALESCE(no29rc0, 0) AS no29rc0\n",
    "  FROM total\n",
    "       LEFT JOIN total_rc0 ON total.date = total_rc0.date\n",
    "       LEFT JOIN total_op29 ON total.date = total_op29.date\n",
    "       LEFT JOIN total_no29rc0 ON total.date = total_no29rc0.date\n",
    " ORDER BY date;"
   ]
  },
  {
   "cell_type": "markdown",
   "metadata": {},
   "source": [
    "### <a id='toc7_2_'></a>[Оптимизация 1](#toc0_)"
   ]
  },
  {
   "cell_type": "code",
   "execution_count": 27,
   "metadata": {},
   "outputs": [
    {
     "name": "stdout",
     "output_type": "stream",
     "text": [
      " * postgresql://postgres:***@localhost/postgres\n",
      "29 rows affected.\n"
     ]
    },
    {
     "data": {
      "text/html": [
       "<table>\n",
       "    <tr>\n",
       "        <th>QUERY PLAN</th>\n",
       "    </tr>\n",
       "    <tr>\n",
       "        <td>GroupAggregate  (cost=1441.28..1442.90 rows=54 width=36) (actual time=1.262..1.266 rows=0 loops=1)</td>\n",
       "    </tr>\n",
       "    <tr>\n",
       "        <td>&nbsp;&nbsp;Group Key: query.date</td>\n",
       "    </tr>\n",
       "    <tr>\n",
       "        <td>&nbsp;&nbsp;Buffers: shared hit=74</td>\n",
       "    </tr>\n",
       "    <tr>\n",
       "        <td>&nbsp;&nbsp;-&gt;  Sort  (cost=1441.28..1441.41 rows=54 width=9) (actual time=1.261..1.264 rows=0 loops=1)</td>\n",
       "    </tr>\n",
       "    <tr>\n",
       "        <td>&nbsp;&nbsp;&nbsp;&nbsp;&nbsp;&nbsp;&nbsp;&nbsp;Sort Key: query.date</td>\n",
       "    </tr>\n",
       "    <tr>\n",
       "        <td>&nbsp;&nbsp;&nbsp;&nbsp;&nbsp;&nbsp;&nbsp;&nbsp;Sort Method: quicksort  Memory: 25kB</td>\n",
       "    </tr>\n",
       "    <tr>\n",
       "        <td>&nbsp;&nbsp;&nbsp;&nbsp;&nbsp;&nbsp;&nbsp;&nbsp;Buffers: shared hit=74</td>\n",
       "    </tr>\n",
       "    <tr>\n",
       "        <td>&nbsp;&nbsp;&nbsp;&nbsp;&nbsp;&nbsp;&nbsp;&nbsp;-&gt;  Subquery Scan on query  (cost=1435.70..1439.72 rows=54 width=9) (actual time=1.256..1.258 rows=0 loops=1)</td>\n",
       "    </tr>\n",
       "    <tr>\n",
       "        <td>&nbsp;&nbsp;&nbsp;&nbsp;&nbsp;&nbsp;&nbsp;&nbsp;&nbsp;&nbsp;&nbsp;&nbsp;&nbsp;&nbsp;Buffers: shared hit=74</td>\n",
       "    </tr>\n",
       "    <tr>\n",
       "        <td>&nbsp;&nbsp;&nbsp;&nbsp;&nbsp;&nbsp;&nbsp;&nbsp;&nbsp;&nbsp;&nbsp;&nbsp;&nbsp;&nbsp;-&gt;  GroupAggregate  (cost=1435.70..1439.18 rows=54 width=13) (actual time=1.255..1.257 rows=0 loops=1)</td>\n",
       "    </tr>\n",
       "    <tr>\n",
       "        <td>&nbsp;&nbsp;&nbsp;&nbsp;&nbsp;&nbsp;&nbsp;&nbsp;&nbsp;&nbsp;&nbsp;&nbsp;&nbsp;&nbsp;&nbsp;&nbsp;&nbsp;&nbsp;&nbsp;&nbsp;Group Key: viols.tr_viol_id</td>\n",
       "    </tr>\n",
       "    <tr>\n",
       "        <td>&nbsp;&nbsp;&nbsp;&nbsp;&nbsp;&nbsp;&nbsp;&nbsp;&nbsp;&nbsp;&nbsp;&nbsp;&nbsp;&nbsp;&nbsp;&nbsp;&nbsp;&nbsp;&nbsp;&nbsp;Buffers: shared hit=74</td>\n",
       "    </tr>\n",
       "    <tr>\n",
       "        <td>&nbsp;&nbsp;&nbsp;&nbsp;&nbsp;&nbsp;&nbsp;&nbsp;&nbsp;&nbsp;&nbsp;&nbsp;&nbsp;&nbsp;&nbsp;&nbsp;&nbsp;&nbsp;&nbsp;&nbsp;-&gt;  Sort  (cost=1435.70..1436.37 rows=266 width=20) (actual time=1.254..1.256 rows=0 loops=1)</td>\n",
       "    </tr>\n",
       "    <tr>\n",
       "        <td>&nbsp;&nbsp;&nbsp;&nbsp;&nbsp;&nbsp;&nbsp;&nbsp;&nbsp;&nbsp;&nbsp;&nbsp;&nbsp;&nbsp;&nbsp;&nbsp;&nbsp;&nbsp;&nbsp;&nbsp;&nbsp;&nbsp;&nbsp;&nbsp;&nbsp;&nbsp;Sort Key: viols.tr_viol_id</td>\n",
       "    </tr>\n",
       "    <tr>\n",
       "        <td>&nbsp;&nbsp;&nbsp;&nbsp;&nbsp;&nbsp;&nbsp;&nbsp;&nbsp;&nbsp;&nbsp;&nbsp;&nbsp;&nbsp;&nbsp;&nbsp;&nbsp;&nbsp;&nbsp;&nbsp;&nbsp;&nbsp;&nbsp;&nbsp;&nbsp;&nbsp;Sort Method: quicksort  Memory: 25kB</td>\n",
       "    </tr>\n",
       "    <tr>\n",
       "        <td>&nbsp;&nbsp;&nbsp;&nbsp;&nbsp;&nbsp;&nbsp;&nbsp;&nbsp;&nbsp;&nbsp;&nbsp;&nbsp;&nbsp;&nbsp;&nbsp;&nbsp;&nbsp;&nbsp;&nbsp;&nbsp;&nbsp;&nbsp;&nbsp;&nbsp;&nbsp;Buffers: shared hit=74</td>\n",
       "    </tr>\n",
       "    <tr>\n",
       "        <td>&nbsp;&nbsp;&nbsp;&nbsp;&nbsp;&nbsp;&nbsp;&nbsp;&nbsp;&nbsp;&nbsp;&nbsp;&nbsp;&nbsp;&nbsp;&nbsp;&nbsp;&nbsp;&nbsp;&nbsp;&nbsp;&nbsp;&nbsp;&nbsp;&nbsp;&nbsp;-&gt;  Hash Right Join  (cost=289.28..1424.99 rows=266 width=20) (actual time=1.250..1.252 rows=0 loops=1)</td>\n",
       "    </tr>\n",
       "    <tr>\n",
       "        <td>&nbsp;&nbsp;&nbsp;&nbsp;&nbsp;&nbsp;&nbsp;&nbsp;&nbsp;&nbsp;&nbsp;&nbsp;&nbsp;&nbsp;&nbsp;&nbsp;&nbsp;&nbsp;&nbsp;&nbsp;&nbsp;&nbsp;&nbsp;&nbsp;&nbsp;&nbsp;&nbsp;&nbsp;&nbsp;&nbsp;&nbsp;&nbsp;Hash Cond: (opers.tr_viol_id = viols.tr_viol_id)</td>\n",
       "    </tr>\n",
       "    <tr>\n",
       "        <td>&nbsp;&nbsp;&nbsp;&nbsp;&nbsp;&nbsp;&nbsp;&nbsp;&nbsp;&nbsp;&nbsp;&nbsp;&nbsp;&nbsp;&nbsp;&nbsp;&nbsp;&nbsp;&nbsp;&nbsp;&nbsp;&nbsp;&nbsp;&nbsp;&nbsp;&nbsp;&nbsp;&nbsp;&nbsp;&nbsp;&nbsp;&nbsp;Buffers: shared hit=74</td>\n",
       "    </tr>\n",
       "    <tr>\n",
       "        <td>&nbsp;&nbsp;&nbsp;&nbsp;&nbsp;&nbsp;&nbsp;&nbsp;&nbsp;&nbsp;&nbsp;&nbsp;&nbsp;&nbsp;&nbsp;&nbsp;&nbsp;&nbsp;&nbsp;&nbsp;&nbsp;&nbsp;&nbsp;&nbsp;&nbsp;&nbsp;&nbsp;&nbsp;&nbsp;&nbsp;&nbsp;&nbsp;-&gt;  Seq Scan on opers  (cost=0.00..996.84 rows=52884 width=12) (never executed)</td>\n",
       "    </tr>\n",
       "    <tr>\n",
       "        <td>&nbsp;&nbsp;&nbsp;&nbsp;&nbsp;&nbsp;&nbsp;&nbsp;&nbsp;&nbsp;&nbsp;&nbsp;&nbsp;&nbsp;&nbsp;&nbsp;&nbsp;&nbsp;&nbsp;&nbsp;&nbsp;&nbsp;&nbsp;&nbsp;&nbsp;&nbsp;&nbsp;&nbsp;&nbsp;&nbsp;&nbsp;&nbsp;-&gt;  Hash  (cost=288.60..288.60 rows=54 width=16) (actual time=1.232..1.234 rows=0 loops=1)</td>\n",
       "    </tr>\n",
       "    <tr>\n",
       "        <td>&nbsp;&nbsp;&nbsp;&nbsp;&nbsp;&nbsp;&nbsp;&nbsp;&nbsp;&nbsp;&nbsp;&nbsp;&nbsp;&nbsp;&nbsp;&nbsp;&nbsp;&nbsp;&nbsp;&nbsp;&nbsp;&nbsp;&nbsp;&nbsp;&nbsp;&nbsp;&nbsp;&nbsp;&nbsp;&nbsp;&nbsp;&nbsp;&nbsp;&nbsp;&nbsp;&nbsp;&nbsp;&nbsp;Buckets: 1024  Batches: 1  Memory Usage: 8kB</td>\n",
       "    </tr>\n",
       "    <tr>\n",
       "        <td>&nbsp;&nbsp;&nbsp;&nbsp;&nbsp;&nbsp;&nbsp;&nbsp;&nbsp;&nbsp;&nbsp;&nbsp;&nbsp;&nbsp;&nbsp;&nbsp;&nbsp;&nbsp;&nbsp;&nbsp;&nbsp;&nbsp;&nbsp;&nbsp;&nbsp;&nbsp;&nbsp;&nbsp;&nbsp;&nbsp;&nbsp;&nbsp;&nbsp;&nbsp;&nbsp;&nbsp;&nbsp;&nbsp;Buffers: shared hit=74</td>\n",
       "    </tr>\n",
       "    <tr>\n",
       "        <td>&nbsp;&nbsp;&nbsp;&nbsp;&nbsp;&nbsp;&nbsp;&nbsp;&nbsp;&nbsp;&nbsp;&nbsp;&nbsp;&nbsp;&nbsp;&nbsp;&nbsp;&nbsp;&nbsp;&nbsp;&nbsp;&nbsp;&nbsp;&nbsp;&nbsp;&nbsp;&nbsp;&nbsp;&nbsp;&nbsp;&nbsp;&nbsp;&nbsp;&nbsp;&nbsp;&nbsp;&nbsp;&nbsp;-&gt;  Seq Scan on viols  (cost=0.00..288.60 rows=54 width=16) (actual time=1.231..1.232 rows=0 loops=1)</td>\n",
       "    </tr>\n",
       "    <tr>\n",
       "        <td>&nbsp;&nbsp;&nbsp;&nbsp;&nbsp;&nbsp;&nbsp;&nbsp;&nbsp;&nbsp;&nbsp;&nbsp;&nbsp;&nbsp;&nbsp;&nbsp;&nbsp;&nbsp;&nbsp;&nbsp;&nbsp;&nbsp;&nbsp;&nbsp;&nbsp;&nbsp;&nbsp;&nbsp;&nbsp;&nbsp;&nbsp;&nbsp;&nbsp;&nbsp;&nbsp;&nbsp;&nbsp;&nbsp;&nbsp;&nbsp;&nbsp;&nbsp;&nbsp;&nbsp;Filter: ((date(time_check) &gt;= &#x27;2018-04-01&#x27;::date) AND (date(time_check) &lt;= &#x27;2018-04-20&#x27;::date))</td>\n",
       "    </tr>\n",
       "    <tr>\n",
       "        <td>&nbsp;&nbsp;&nbsp;&nbsp;&nbsp;&nbsp;&nbsp;&nbsp;&nbsp;&nbsp;&nbsp;&nbsp;&nbsp;&nbsp;&nbsp;&nbsp;&nbsp;&nbsp;&nbsp;&nbsp;&nbsp;&nbsp;&nbsp;&nbsp;&nbsp;&nbsp;&nbsp;&nbsp;&nbsp;&nbsp;&nbsp;&nbsp;&nbsp;&nbsp;&nbsp;&nbsp;&nbsp;&nbsp;&nbsp;&nbsp;&nbsp;&nbsp;&nbsp;&nbsp;Rows Removed by Filter: 10000</td>\n",
       "    </tr>\n",
       "    <tr>\n",
       "        <td>&nbsp;&nbsp;&nbsp;&nbsp;&nbsp;&nbsp;&nbsp;&nbsp;&nbsp;&nbsp;&nbsp;&nbsp;&nbsp;&nbsp;&nbsp;&nbsp;&nbsp;&nbsp;&nbsp;&nbsp;&nbsp;&nbsp;&nbsp;&nbsp;&nbsp;&nbsp;&nbsp;&nbsp;&nbsp;&nbsp;&nbsp;&nbsp;&nbsp;&nbsp;&nbsp;&nbsp;&nbsp;&nbsp;&nbsp;&nbsp;&nbsp;&nbsp;&nbsp;&nbsp;Buffers: shared hit=74</td>\n",
       "    </tr>\n",
       "    <tr>\n",
       "        <td>Planning Time: 0.209 ms</td>\n",
       "    </tr>\n",
       "    <tr>\n",
       "        <td>Execution Time: 1.324 ms</td>\n",
       "    </tr>\n",
       "</table>"
      ],
      "text/plain": [
       "[('GroupAggregate  (cost=1441.28..1442.90 rows=54 width=36) (actual time=1.262..1.266 rows=0 loops=1)',),\n",
       " ('  Group Key: query.date',),\n",
       " ('  Buffers: shared hit=74',),\n",
       " ('  ->  Sort  (cost=1441.28..1441.41 rows=54 width=9) (actual time=1.261..1.264 rows=0 loops=1)',),\n",
       " ('        Sort Key: query.date',),\n",
       " ('        Sort Method: quicksort  Memory: 25kB',),\n",
       " ('        Buffers: shared hit=74',),\n",
       " ('        ->  Subquery Scan on query  (cost=1435.70..1439.72 rows=54 width=9) (actual time=1.256..1.258 rows=0 loops=1)',),\n",
       " ('              Buffers: shared hit=74',),\n",
       " ('              ->  GroupAggregate  (cost=1435.70..1439.18 rows=54 width=13) (actual time=1.255..1.257 rows=0 loops=1)',),\n",
       " ('                    Group Key: viols.tr_viol_id',),\n",
       " ('                    Buffers: shared hit=74',),\n",
       " ('                    ->  Sort  (cost=1435.70..1436.37 rows=266 width=20) (actual time=1.254..1.256 rows=0 loops=1)',),\n",
       " ('                          Sort Key: viols.tr_viol_id',),\n",
       " ('                          Sort Method: quicksort  Memory: 25kB',),\n",
       " ('                          Buffers: shared hit=74',),\n",
       " ('                          ->  Hash Right Join  (cost=289.28..1424.99 rows=266 width=20) (actual time=1.250..1.252 rows=0 loops=1)',),\n",
       " ('                                Hash Cond: (opers.tr_viol_id = viols.tr_viol_id)',),\n",
       " ('                                Buffers: shared hit=74',),\n",
       " ('                                ->  Seq Scan on opers  (cost=0.00..996.84 rows=52884 width=12) (never executed)',),\n",
       " ('                                ->  Hash  (cost=288.60..288.60 rows=54 width=16) (actual time=1.232..1.234 rows=0 loops=1)',),\n",
       " ('                                      Buckets: 1024  Batches: 1  Memory Usage: 8kB',),\n",
       " ('                                      Buffers: shared hit=74',),\n",
       " ('                                      ->  Seq Scan on viols  (cost=0.00..288.60 rows=54 width=16) (actual time=1.231..1.232 rows=0 loops=1)',),\n",
       " (\"                                            Filter: ((date(time_check) >= '2018-04-01'::date) AND (date(time_check) <= '2018-04-20'::date))\",),\n",
       " ('                                            Rows Removed by Filter: 10000',),\n",
       " ('                                            Buffers: shared hit=74',),\n",
       " ('Planning Time: 0.209 ms',),\n",
       " ('Execution Time: 1.324 ms',)]"
      ]
     },
     "execution_count": 27,
     "metadata": {},
     "output_type": "execute_result"
    }
   ],
   "source": [
    "%%sql\n",
    "\n",
    "EXPLAIN (BUFFERS, ANALYZE)\n",
    "SELECT date\n",
    "       ,COUNT(*) AS total\n",
    "       ,COUNT(*) FILTER(WHERE rc = 0) AS rc0\n",
    "       ,COUNT(*) FILTER(WHERE op29 = TRUE) AS op29\n",
    "       ,COUNT(*) FILTER(WHERE rc = 0 AND op29 = FALSE) AS no29rc0\n",
    "  FROM\n",
    "       (SELECT viols.tr_viol_id AS tr_viol_id, \n",
    "               viols.refuse_code AS rc,\n",
    "               DATE(viols.time_check) AS date, \n",
    "               COALESCE(29 = ANY(ARRAY_AGG( opers.oper_code )), FALSE) AS op29  -- на случай нарушений, не имеющих никаких операций обработки\n",
    "          FROM viols\n",
    "               LEFT JOIN opers ON opers.tr_viol_id = viols.tr_viol_id\n",
    "         WHERE DATE(viols.time_check) BETWEEN DATE('2018-04-01') AND DATE('2018-04-20')\n",
    "         GROUP BY viols.tr_viol_id) AS query\n",
    " GROUP BY query.date\n",
    " ORDER BY date;"
   ]
  },
  {
   "cell_type": "markdown",
   "metadata": {},
   "source": [
    "### <a id='toc7_3_'></a>[Оптимизация 2](#toc0_)"
   ]
  },
  {
   "cell_type": "code",
   "execution_count": 28,
   "metadata": {},
   "outputs": [
    {
     "name": "stdout",
     "output_type": "stream",
     "text": [
      " * postgresql://postgres:***@localhost/postgres\n",
      "19 rows affected.\n"
     ]
    },
    {
     "data": {
      "text/html": [
       "<table>\n",
       "    <tr>\n",
       "        <th>QUERY PLAN</th>\n",
       "    </tr>\n",
       "    <tr>\n",
       "        <td>GroupAggregate  (cost=290.29..2551.65 rows=47 width=36) (actual time=1.165..1.166 rows=0 loops=1)</td>\n",
       "    </tr>\n",
       "    <tr>\n",
       "        <td>&nbsp;&nbsp;Group Key: (date(viols.time_check))</td>\n",
       "    </tr>\n",
       "    <tr>\n",
       "        <td>&nbsp;&nbsp;Buffers: shared hit=74</td>\n",
       "    </tr>\n",
       "    <tr>\n",
       "        <td>&nbsp;&nbsp;-&gt;  Sort  (cost=290.29..290.42 rows=54 width=12) (actual time=1.163..1.164 rows=0 loops=1)</td>\n",
       "    </tr>\n",
       "    <tr>\n",
       "        <td>&nbsp;&nbsp;&nbsp;&nbsp;&nbsp;&nbsp;&nbsp;&nbsp;Sort Key: (date(viols.time_check))</td>\n",
       "    </tr>\n",
       "    <tr>\n",
       "        <td>&nbsp;&nbsp;&nbsp;&nbsp;&nbsp;&nbsp;&nbsp;&nbsp;Sort Method: quicksort  Memory: 25kB</td>\n",
       "    </tr>\n",
       "    <tr>\n",
       "        <td>&nbsp;&nbsp;&nbsp;&nbsp;&nbsp;&nbsp;&nbsp;&nbsp;Buffers: shared hit=74</td>\n",
       "    </tr>\n",
       "    <tr>\n",
       "        <td>&nbsp;&nbsp;&nbsp;&nbsp;&nbsp;&nbsp;&nbsp;&nbsp;-&gt;  Seq Scan on viols  (cost=0.00..288.74 rows=54 width=12) (actual time=1.158..1.158 rows=0 loops=1)</td>\n",
       "    </tr>\n",
       "    <tr>\n",
       "        <td>&nbsp;&nbsp;&nbsp;&nbsp;&nbsp;&nbsp;&nbsp;&nbsp;&nbsp;&nbsp;&nbsp;&nbsp;&nbsp;&nbsp;Filter: ((date(time_check) &gt;= &#x27;2018-04-01&#x27;::date) AND (date(time_check) &lt;= &#x27;2018-04-20&#x27;::date))</td>\n",
       "    </tr>\n",
       "    <tr>\n",
       "        <td>&nbsp;&nbsp;&nbsp;&nbsp;&nbsp;&nbsp;&nbsp;&nbsp;&nbsp;&nbsp;&nbsp;&nbsp;&nbsp;&nbsp;Rows Removed by Filter: 10000</td>\n",
       "    </tr>\n",
       "    <tr>\n",
       "        <td>&nbsp;&nbsp;&nbsp;&nbsp;&nbsp;&nbsp;&nbsp;&nbsp;&nbsp;&nbsp;&nbsp;&nbsp;&nbsp;&nbsp;Buffers: shared hit=74</td>\n",
       "    </tr>\n",
       "    <tr>\n",
       "        <td>&nbsp;&nbsp;SubPlan 1</td>\n",
       "    </tr>\n",
       "    <tr>\n",
       "        <td>&nbsp;&nbsp;&nbsp;&nbsp;-&gt;  Seq Scan on opers  (cost=0.00..1129.05 rows=264 width=8) (never executed)</td>\n",
       "    </tr>\n",
       "    <tr>\n",
       "        <td>&nbsp;&nbsp;&nbsp;&nbsp;&nbsp;&nbsp;&nbsp;&nbsp;&nbsp;&nbsp;Filter: (oper_code = 29)</td>\n",
       "    </tr>\n",
       "    <tr>\n",
       "        <td>&nbsp;&nbsp;SubPlan 2</td>\n",
       "    </tr>\n",
       "    <tr>\n",
       "        <td>&nbsp;&nbsp;&nbsp;&nbsp;-&gt;  Seq Scan on opers opers_1  (cost=0.00..1129.05 rows=264 width=8) (never executed)</td>\n",
       "    </tr>\n",
       "    <tr>\n",
       "        <td>&nbsp;&nbsp;&nbsp;&nbsp;&nbsp;&nbsp;&nbsp;&nbsp;&nbsp;&nbsp;Filter: (oper_code = 29)</td>\n",
       "    </tr>\n",
       "    <tr>\n",
       "        <td>Planning Time: 0.167 ms</td>\n",
       "    </tr>\n",
       "    <tr>\n",
       "        <td>Execution Time: 1.287 ms</td>\n",
       "    </tr>\n",
       "</table>"
      ],
      "text/plain": [
       "[('GroupAggregate  (cost=290.29..2551.65 rows=47 width=36) (actual time=1.165..1.166 rows=0 loops=1)',),\n",
       " ('  Group Key: (date(viols.time_check))',),\n",
       " ('  Buffers: shared hit=74',),\n",
       " ('  ->  Sort  (cost=290.29..290.42 rows=54 width=12) (actual time=1.163..1.164 rows=0 loops=1)',),\n",
       " ('        Sort Key: (date(viols.time_check))',),\n",
       " ('        Sort Method: quicksort  Memory: 25kB',),\n",
       " ('        Buffers: shared hit=74',),\n",
       " ('        ->  Seq Scan on viols  (cost=0.00..288.74 rows=54 width=12) (actual time=1.158..1.158 rows=0 loops=1)',),\n",
       " (\"              Filter: ((date(time_check) >= '2018-04-01'::date) AND (date(time_check) <= '2018-04-20'::date))\",),\n",
       " ('              Rows Removed by Filter: 10000',),\n",
       " ('              Buffers: shared hit=74',),\n",
       " ('  SubPlan 1',),\n",
       " ('    ->  Seq Scan on opers  (cost=0.00..1129.05 rows=264 width=8) (never executed)',),\n",
       " ('          Filter: (oper_code = 29)',),\n",
       " ('  SubPlan 2',),\n",
       " ('    ->  Seq Scan on opers opers_1  (cost=0.00..1129.05 rows=264 width=8) (never executed)',),\n",
       " ('          Filter: (oper_code = 29)',),\n",
       " ('Planning Time: 0.167 ms',),\n",
       " ('Execution Time: 1.287 ms',)]"
      ]
     },
     "execution_count": 28,
     "metadata": {},
     "output_type": "execute_result"
    }
   ],
   "source": [
    "%%sql\n",
    "\n",
    "EXPLAIN (BUFFERS, ANALYZE)\n",
    "SELECT DATE(time_check) AS date\n",
    "       ,COUNT(*) AS total\n",
    "       ,COUNT(*) FILTER(WHERE refuse_code = 0) AS rc0\n",
    "       ,COUNT(*) FILTER(WHERE tr_viol_id IN (\n",
    "            SELECT tr_viol_id\n",
    "              FROM opers \n",
    "             WHERE oper_code = 29)) AS op29\n",
    "       ,COUNT(*) FILTER(WHERE refuse_code = 0 \n",
    "                              AND tr_viol_id NOT IN (\n",
    "            SELECT tr_viol_id\n",
    "              FROM opers \n",
    "             WHERE oper_code = 29)) AS no29rc0\n",
    "  FROM viols\n",
    " WHERE DATE(time_check) BETWEEN DATE('2018-04-01') AND DATE('2018-04-20')\n",
    " GROUP BY date\n",
    " ORDER BY date;"
   ]
  },
  {
   "cell_type": "markdown",
   "metadata": {},
   "source": [
    "# PS\n",
    "\n",
    "Во внутренних селектах имеет смысл также добавить ограничение по дате, чтобы фильтровать не всю вспомогательную таблицу `opers`, а только целевой период:\n",
    "- \"точка безубыточности\" для данной оптимизации сильно зависит от соотношения целевого периода к общему интервалу времени нарушений в БД\n",
    "- в среднем, на больших таблицах и при разумных интервалах для запроса данная оптимизация должна давать ЗНАЧИТЕЛЬНЫЙ прирост производительности"
   ]
  },
  {
   "cell_type": "code",
   "execution_count": 29,
   "metadata": {},
   "outputs": [
    {
     "name": "stdout",
     "output_type": "stream",
     "text": [
      " * postgresql://postgres:***@localhost/postgres\n",
      "19 rows affected.\n"
     ]
    },
    {
     "data": {
      "text/html": [
       "<table>\n",
       "    <tr>\n",
       "        <th>QUERY PLAN</th>\n",
       "    </tr>\n",
       "    <tr>\n",
       "        <td>GroupAggregate  (cost=290.29..3608.01 rows=47 width=36) (actual time=1.173..1.175 rows=0 loops=1)</td>\n",
       "    </tr>\n",
       "    <tr>\n",
       "        <td>&nbsp;&nbsp;Group Key: (date(viols.time_check))</td>\n",
       "    </tr>\n",
       "    <tr>\n",
       "        <td>&nbsp;&nbsp;Buffers: shared hit=74</td>\n",
       "    </tr>\n",
       "    <tr>\n",
       "        <td>&nbsp;&nbsp;-&gt;  Sort  (cost=290.29..290.42 rows=54 width=12) (actual time=1.171..1.172 rows=0 loops=1)</td>\n",
       "    </tr>\n",
       "    <tr>\n",
       "        <td>&nbsp;&nbsp;&nbsp;&nbsp;&nbsp;&nbsp;&nbsp;&nbsp;Sort Key: (date(viols.time_check))</td>\n",
       "    </tr>\n",
       "    <tr>\n",
       "        <td>&nbsp;&nbsp;&nbsp;&nbsp;&nbsp;&nbsp;&nbsp;&nbsp;Sort Method: quicksort  Memory: 25kB</td>\n",
       "    </tr>\n",
       "    <tr>\n",
       "        <td>&nbsp;&nbsp;&nbsp;&nbsp;&nbsp;&nbsp;&nbsp;&nbsp;Buffers: shared hit=74</td>\n",
       "    </tr>\n",
       "    <tr>\n",
       "        <td>&nbsp;&nbsp;&nbsp;&nbsp;&nbsp;&nbsp;&nbsp;&nbsp;-&gt;  Seq Scan on viols  (cost=0.00..288.74 rows=54 width=12) (actual time=1.166..1.166 rows=0 loops=1)</td>\n",
       "    </tr>\n",
       "    <tr>\n",
       "        <td>&nbsp;&nbsp;&nbsp;&nbsp;&nbsp;&nbsp;&nbsp;&nbsp;&nbsp;&nbsp;&nbsp;&nbsp;&nbsp;&nbsp;Filter: ((date(time_check) &gt;= &#x27;2018-04-01&#x27;::date) AND (date(time_check) &lt;= &#x27;2018-04-20&#x27;::date))</td>\n",
       "    </tr>\n",
       "    <tr>\n",
       "        <td>&nbsp;&nbsp;&nbsp;&nbsp;&nbsp;&nbsp;&nbsp;&nbsp;&nbsp;&nbsp;&nbsp;&nbsp;&nbsp;&nbsp;Rows Removed by Filter: 10000</td>\n",
       "    </tr>\n",
       "    <tr>\n",
       "        <td>&nbsp;&nbsp;&nbsp;&nbsp;&nbsp;&nbsp;&nbsp;&nbsp;&nbsp;&nbsp;&nbsp;&nbsp;&nbsp;&nbsp;Buffers: shared hit=74</td>\n",
       "    </tr>\n",
       "    <tr>\n",
       "        <td>&nbsp;&nbsp;SubPlan 1</td>\n",
       "    </tr>\n",
       "    <tr>\n",
       "        <td>&nbsp;&nbsp;&nbsp;&nbsp;-&gt;  Seq Scan on opers  (cost=0.00..1657.89 rows=1 width=8) (never executed)</td>\n",
       "    </tr>\n",
       "    <tr>\n",
       "        <td>&nbsp;&nbsp;&nbsp;&nbsp;&nbsp;&nbsp;&nbsp;&nbsp;&nbsp;&nbsp;Filter: ((oper_code = 29) AND (date(viol_datetime) &gt;= &#x27;2018-04-01&#x27;::date) AND (date(viol_datetime) &lt;= &#x27;2018-04-20&#x27;::date))</td>\n",
       "    </tr>\n",
       "    <tr>\n",
       "        <td>&nbsp;&nbsp;SubPlan 2</td>\n",
       "    </tr>\n",
       "    <tr>\n",
       "        <td>&nbsp;&nbsp;&nbsp;&nbsp;-&gt;  Seq Scan on opers opers_1  (cost=0.00..1657.89 rows=1 width=8) (never executed)</td>\n",
       "    </tr>\n",
       "    <tr>\n",
       "        <td>&nbsp;&nbsp;&nbsp;&nbsp;&nbsp;&nbsp;&nbsp;&nbsp;&nbsp;&nbsp;Filter: ((oper_code = 29) AND (date(viol_datetime) &gt;= &#x27;2018-04-01&#x27;::date) AND (date(viol_datetime) &lt;= &#x27;2018-04-20&#x27;::date))</td>\n",
       "    </tr>\n",
       "    <tr>\n",
       "        <td>Planning Time: 0.192 ms</td>\n",
       "    </tr>\n",
       "    <tr>\n",
       "        <td>Execution Time: 1.230 ms</td>\n",
       "    </tr>\n",
       "</table>"
      ],
      "text/plain": [
       "[('GroupAggregate  (cost=290.29..3608.01 rows=47 width=36) (actual time=1.173..1.175 rows=0 loops=1)',),\n",
       " ('  Group Key: (date(viols.time_check))',),\n",
       " ('  Buffers: shared hit=74',),\n",
       " ('  ->  Sort  (cost=290.29..290.42 rows=54 width=12) (actual time=1.171..1.172 rows=0 loops=1)',),\n",
       " ('        Sort Key: (date(viols.time_check))',),\n",
       " ('        Sort Method: quicksort  Memory: 25kB',),\n",
       " ('        Buffers: shared hit=74',),\n",
       " ('        ->  Seq Scan on viols  (cost=0.00..288.74 rows=54 width=12) (actual time=1.166..1.166 rows=0 loops=1)',),\n",
       " (\"              Filter: ((date(time_check) >= '2018-04-01'::date) AND (date(time_check) <= '2018-04-20'::date))\",),\n",
       " ('              Rows Removed by Filter: 10000',),\n",
       " ('              Buffers: shared hit=74',),\n",
       " ('  SubPlan 1',),\n",
       " ('    ->  Seq Scan on opers  (cost=0.00..1657.89 rows=1 width=8) (never executed)',),\n",
       " (\"          Filter: ((oper_code = 29) AND (date(viol_datetime) >= '2018-04-01'::date) AND (date(viol_datetime) <= '2018-04-20'::date))\",),\n",
       " ('  SubPlan 2',),\n",
       " ('    ->  Seq Scan on opers opers_1  (cost=0.00..1657.89 rows=1 width=8) (never executed)',),\n",
       " (\"          Filter: ((oper_code = 29) AND (date(viol_datetime) >= '2018-04-01'::date) AND (date(viol_datetime) <= '2018-04-20'::date))\",),\n",
       " ('Planning Time: 0.192 ms',),\n",
       " ('Execution Time: 1.230 ms',)]"
      ]
     },
     "execution_count": 29,
     "metadata": {},
     "output_type": "execute_result"
    }
   ],
   "source": [
    "%%sql\n",
    "\n",
    "EXPLAIN (BUFFERS, ANALYZE)\n",
    "SELECT DATE(time_check) AS date\n",
    "       ,COUNT(*) AS total\n",
    "       ,COUNT(*) FILTER(WHERE refuse_code = 0) AS rc0\n",
    "       ,COUNT(*) FILTER(WHERE tr_viol_id IN (\n",
    "            SELECT tr_viol_id\n",
    "              FROM opers \n",
    "             WHERE oper_code = 29\n",
    "                   AND DATE(viol_datetime) BETWEEN DATE('2018-04-01') AND DATE('2018-04-20'))) AS op29\n",
    "       ,COUNT(*) FILTER(WHERE refuse_code = 0 \n",
    "                              AND tr_viol_id NOT IN (\n",
    "            SELECT tr_viol_id\n",
    "              FROM opers \n",
    "             WHERE oper_code = 29 \n",
    "                   AND DATE(viol_datetime) BETWEEN DATE('2018-04-01') AND DATE('2018-04-20'))) AS no29rc0\n",
    "  FROM viols\n",
    " WHERE DATE(time_check) BETWEEN DATE('2018-04-01') AND DATE('2018-04-20')\n",
    " GROUP BY date\n",
    " ORDER BY date;"
   ]
  }
 ],
 "metadata": {
  "kernelspec": {
   "display_name": "Python 3 (ipykernel)",
   "language": "python",
   "name": "python3"
  },
  "language_info": {
   "codemirror_mode": {
    "name": "ipython",
    "version": 3
   },
   "file_extension": ".py",
   "mimetype": "text/x-python",
   "name": "python",
   "nbconvert_exporter": "python",
   "pygments_lexer": "ipython3",
   "version": "3.10.8"
  },
  "vscode": {
   "interpreter": {
    "hash": "53d00ba0b92f737b23b3e678e3a3ceb3fe4e948ad1ab95d9c6fdcbb4b4ec65f3"
   }
  }
 },
 "nbformat": 4,
 "nbformat_minor": 2
}
